{"/Users/braflow/cross-country/src/colors.js": {"path":"/Users/braflow/cross-country/src/colors.js","statementMap":{"0":{"start":{"line":1,"column":25},"end":{"line":142,"column":1}}},"fnMap":{},"branchMap":{},"s":{"0":0},"f":{},"b":{}}
,"/Users/braflow/cross-country/src/config.js": {"path":"/Users/braflow/cross-country/src/config.js","statementMap":{"0":{"start":{"line":1,"column":15},"end":{"line":7,"column":1}},"1":{"start":{"line":10,"column":2},"end":{"line":10,"column":76}}},"fnMap":{"0":{"name":"getApiDomain","decl":{"start":{"line":9,"column":16},"end":{"line":9,"column":28}},"loc":{"start":{"line":9,"column":31},"end":{"line":11,"column":1}},"line":9}},"branchMap":{"0":{"loc":{"start":{"line":10,"column":9},"end":{"line":10,"column":75}},"type":"cond-expr","locations":[{"start":{"line":10,"column":29},"end":{"line":10,"column":50}},{"start":{"line":10,"column":53},"end":{"line":10,"column":75}}],"line":10}},"s":{"0":2,"1":0},"f":{"0":0},"b":{"0":[0,0]},"_coverageSchema":"1a1c01bbd47fc00a2c39e90264f33305004495a9","hash":"241abef19d5d6ba099a6bb1690bc564d74f11f89"}
,"/Users/braflow/cross-country/src/constants.js": {"path":"/Users/braflow/cross-country/src/constants.js","statementMap":{"0":{"start":{"line":1,"column":25},"end":{"line":3,"column":1}}},"fnMap":{},"branchMap":{},"s":{"0":0},"f":{},"b":{}}
,"/Users/braflow/cross-country/src/index.ts": {"path":"/Users/braflow/cross-country/src/index.ts","statementMap":{"0":{"start":{"line":1,"column":0},"end":{"line":1,"column":29}},"1":{"start":{"line":2,"column":0},"end":{"line":2,"column":24}}},"fnMap":{},"branchMap":{},"s":{"0":2,"1":2},"f":{},"b":{}}
,"/Users/braflow/cross-country/src/post.js": {"path":"/Users/braflow/cross-country/src/post.js","statementMap":{"0":{"start":{"line":9,"column":4},"end":{"line":24,"column":5}}},"fnMap":{"0":{"name":"(anonymous_0)","decl":{"start":{"line":8,"column":2},"end":{"line":8,"column":3}},"loc":{"start":{"line":8,"column":11},"end":{"line":25,"column":3}},"line":8}},"branchMap":{},"s":{"0":0},"f":{"0":0},"b":{}}
,"/Users/braflow/cross-country/src/readme.js": {"path":"/Users/braflow/cross-country/src/readme.js","statementMap":{"0":{"start":{"line":4,"column":13},"end":{"line":17,"column":1}},"1":{"start":{"line":19,"column":34},"end":{"line":19,"column":38}},"2":{"start":{"line":20,"column":15},"end":{"line":20,"column":19}},"3":{"start":{"line":22,"column":15},"end":{"line":32,"column":1}},"4":{"start":{"line":23,"column":2},"end":{"line":31,"column":11}}},"fnMap":{"0":{"name":"(anonymous_0)","decl":{"start":{"line":22,"column":15},"end":{"line":22,"column":16}},"loc":{"start":{"line":23,"column":2},"end":{"line":31,"column":11}},"line":23}},"branchMap":{},"s":{"0":0,"1":0,"2":0,"3":0,"4":0},"f":{"0":0},"b":{}}
,"/Users/braflow/cross-country/src/use-counter.js": {"path":"/Users/braflow/cross-country/src/use-counter.js","statementMap":{},"fnMap":{},"branchMap":{},"s":{},"f":{},"b":{}}
,"/Users/braflow/cross-country/src/components/index.ts": {"path":"/Users/braflow/cross-country/src/components/index.ts","statementMap":{"0":{"start":{"line":2,"column":0},"end":{"line":2,"column":9}},"1":{"start":{"line":2,"column":9},"end":{"line":2,"column":36}},"2":{"start":{"line":3,"column":0},"end":{"line":3,"column":9}},"3":{"start":{"line":3,"column":9},"end":{"line":3,"column":24}},"4":{"start":{"line":4,"column":0},"end":{"line":4,"column":9}},"5":{"start":{"line":4,"column":9},"end":{"line":4,"column":24}},"6":{"start":{"line":5,"column":0},"end":{"line":5,"column":9}},"7":{"start":{"line":5,"column":9},"end":{"line":5,"column":26}},"8":{"start":{"line":6,"column":0},"end":{"line":6,"column":9}},"9":{"start":{"line":6,"column":9},"end":{"line":6,"column":28}},"10":{"start":{"line":7,"column":0},"end":{"line":7,"column":9}},"11":{"start":{"line":7,"column":9},"end":{"line":7,"column":25}},"12":{"start":{"line":8,"column":0},"end":{"line":8,"column":9}},"13":{"start":{"line":8,"column":9},"end":{"line":8,"column":30}},"14":{"start":{"line":9,"column":0},"end":{"line":9,"column":9}},"15":{"start":{"line":9,"column":9},"end":{"line":9,"column":26}},"16":{"start":{"line":10,"column":0},"end":{"line":10,"column":9}},"17":{"start":{"line":10,"column":9},"end":{"line":10,"column":23}},"18":{"start":{"line":11,"column":0},"end":{"line":11,"column":9}},"19":{"start":{"line":11,"column":9},"end":{"line":11,"column":25}},"20":{"start":{"line":12,"column":0},"end":{"line":12,"column":9}},"21":{"start":{"line":12,"column":9},"end":{"line":12,"column":28}},"22":{"start":{"line":13,"column":0},"end":{"line":13,"column":9}},"23":{"start":{"line":13,"column":9},"end":{"line":13,"column":31}},"24":{"start":{"line":14,"column":0},"end":{"line":14,"column":9}},"25":{"start":{"line":14,"column":9},"end":{"line":14,"column":29}},"26":{"start":{"line":15,"column":0},"end":{"line":15,"column":9}},"27":{"start":{"line":15,"column":9},"end":{"line":15,"column":24}},"28":{"start":{"line":16,"column":0},"end":{"line":16,"column":9}},"29":{"start":{"line":16,"column":9},"end":{"line":16,"column":29}},"30":{"start":{"line":17,"column":0},"end":{"line":17,"column":9}},"31":{"start":{"line":17,"column":9},"end":{"line":17,"column":27}},"32":{"start":{"line":18,"column":0},"end":{"line":18,"column":9}},"33":{"start":{"line":18,"column":9},"end":{"line":18,"column":24}},"34":{"start":{"line":19,"column":0},"end":{"line":19,"column":9}},"35":{"start":{"line":19,"column":9},"end":{"line":19,"column":25}},"36":{"start":{"line":20,"column":0},"end":{"line":20,"column":9}},"37":{"start":{"line":20,"column":9},"end":{"line":20,"column":24}},"38":{"start":{"line":21,"column":0},"end":{"line":21,"column":9}},"39":{"start":{"line":21,"column":9},"end":{"line":21,"column":24}},"40":{"start":{"line":22,"column":0},"end":{"line":22,"column":9}},"41":{"start":{"line":22,"column":9},"end":{"line":22,"column":28}},"42":{"start":{"line":24,"column":0},"end":{"line":24,"column":9}},"43":{"start":{"line":24,"column":9},"end":{"line":24,"column":25}},"44":{"start":{"line":25,"column":0},"end":{"line":25,"column":9}},"45":{"start":{"line":25,"column":9},"end":{"line":25,"column":29}},"46":{"start":{"line":26,"column":0},"end":{"line":26,"column":9}},"47":{"start":{"line":26,"column":9},"end":{"line":26,"column":29}},"48":{"start":{"line":27,"column":0},"end":{"line":27,"column":9}},"49":{"start":{"line":27,"column":9},"end":{"line":27,"column":28}},"50":{"start":{"line":28,"column":0},"end":{"line":28,"column":9}},"51":{"start":{"line":28,"column":9},"end":{"line":28,"column":29}},"52":{"start":{"line":31,"column":0},"end":{"line":31,"column":9}},"53":{"start":{"line":31,"column":9},"end":{"line":31,"column":23}},"54":{"start":{"line":32,"column":0},"end":{"line":32,"column":9}},"55":{"start":{"line":32,"column":9},"end":{"line":32,"column":26}},"56":{"start":{"line":33,"column":0},"end":{"line":33,"column":9}},"57":{"start":{"line":33,"column":9},"end":{"line":33,"column":25}},"58":{"start":{"line":36,"column":0},"end":{"line":36,"column":9}},"59":{"start":{"line":36,"column":9},"end":{"line":36,"column":33}},"60":{"start":{"line":37,"column":0},"end":{"line":37,"column":9}},"61":{"start":{"line":37,"column":9},"end":{"line":37,"column":24}},"62":{"start":{"line":38,"column":0},"end":{"line":38,"column":9}},"63":{"start":{"line":38,"column":9},"end":{"line":38,"column":23}},"64":{"start":{"line":39,"column":0},"end":{"line":39,"column":9}},"65":{"start":{"line":39,"column":9},"end":{"line":39,"column":27}},"66":{"start":{"line":40,"column":0},"end":{"line":40,"column":9}},"67":{"start":{"line":40,"column":9},"end":{"line":40,"column":29}},"68":{"start":{"line":41,"column":0},"end":{"line":41,"column":9}},"69":{"start":{"line":41,"column":9},"end":{"line":41,"column":24}},"70":{"start":{"line":42,"column":0},"end":{"line":42,"column":9}},"71":{"start":{"line":42,"column":9},"end":{"line":42,"column":25}},"72":{"start":{"line":43,"column":0},"end":{"line":43,"column":9}},"73":{"start":{"line":43,"column":9},"end":{"line":43,"column":25}},"74":{"start":{"line":44,"column":0},"end":{"line":44,"column":9}},"75":{"start":{"line":44,"column":9},"end":{"line":44,"column":27}},"76":{"start":{"line":45,"column":0},"end":{"line":45,"column":9}},"77":{"start":{"line":45,"column":9},"end":{"line":45,"column":35}},"78":{"start":{"line":46,"column":0},"end":{"line":46,"column":9}},"79":{"start":{"line":46,"column":9},"end":{"line":46,"column":24}},"80":{"start":{"line":47,"column":0},"end":{"line":47,"column":9}},"81":{"start":{"line":47,"column":9},"end":{"line":47,"column":28}},"82":{"start":{"line":48,"column":0},"end":{"line":48,"column":9}},"83":{"start":{"line":48,"column":9},"end":{"line":48,"column":29}},"84":{"start":{"line":51,"column":0},"end":{"line":51,"column":9}},"85":{"start":{"line":51,"column":9},"end":{"line":51,"column":25}},"86":{"start":{"line":52,"column":0},"end":{"line":52,"column":9}},"87":{"start":{"line":52,"column":9},"end":{"line":52,"column":28}},"88":{"start":{"line":53,"column":0},"end":{"line":53,"column":9}},"89":{"start":{"line":53,"column":9},"end":{"line":53,"column":25}},"90":{"start":{"line":54,"column":0},"end":{"line":54,"column":9}},"91":{"start":{"line":54,"column":9},"end":{"line":54,"column":26}},"92":{"start":{"line":55,"column":0},"end":{"line":55,"column":9}},"93":{"start":{"line":55,"column":9},"end":{"line":55,"column":26}},"94":{"start":{"line":56,"column":0},"end":{"line":56,"column":9}},"95":{"start":{"line":56,"column":9},"end":{"line":56,"column":25}},"96":{"start":{"line":57,"column":0},"end":{"line":57,"column":9}},"97":{"start":{"line":57,"column":9},"end":{"line":57,"column":26}},"98":{"start":{"line":58,"column":0},"end":{"line":58,"column":9}},"99":{"start":{"line":58,"column":9},"end":{"line":58,"column":28}},"100":{"start":{"line":59,"column":0},"end":{"line":59,"column":9}},"101":{"start":{"line":59,"column":9},"end":{"line":59,"column":26}},"102":{"start":{"line":60,"column":0},"end":{"line":60,"column":9}},"103":{"start":{"line":60,"column":9},"end":{"line":60,"column":25}},"104":{"start":{"line":61,"column":0},"end":{"line":61,"column":9}},"105":{"start":{"line":61,"column":9},"end":{"line":61,"column":40}},"106":{"start":{"line":63,"column":0},"end":{"line":63,"column":9}},"107":{"start":{"line":63,"column":9},"end":{"line":63,"column":27}},"108":{"start":{"line":65,"column":0},"end":{"line":65,"column":9}},"109":{"start":{"line":65,"column":9},"end":{"line":65,"column":24}},"110":{"start":{"line":67,"column":0},"end":{"line":67,"column":9}},"111":{"start":{"line":67,"column":9},"end":{"line":67,"column":32}},"112":{"start":{"line":68,"column":0},"end":{"line":68,"column":9}},"113":{"start":{"line":68,"column":9},"end":{"line":68,"column":30}}},"fnMap":{"0":{"name":"(anonymous_0)","decl":{"start":{"line":2,"column":9},"end":{"line":2,"column":16}},"loc":{"start":{"line":2,"column":9},"end":{"line":2,"column":36}}},"1":{"name":"(anonymous_1)","decl":{"start":{"line":3,"column":9},"end":{"line":3,"column":16}},"loc":{"start":{"line":3,"column":9},"end":{"line":3,"column":24}}},"2":{"name":"(anonymous_2)","decl":{"start":{"line":4,"column":9},"end":{"line":4,"column":16}},"loc":{"start":{"line":4,"column":9},"end":{"line":4,"column":24}}},"3":{"name":"(anonymous_3)","decl":{"start":{"line":5,"column":9},"end":{"line":5,"column":16}},"loc":{"start":{"line":5,"column":9},"end":{"line":5,"column":26}}},"4":{"name":"(anonymous_4)","decl":{"start":{"line":6,"column":9},"end":{"line":6,"column":16}},"loc":{"start":{"line":6,"column":9},"end":{"line":6,"column":28}}},"5":{"name":"(anonymous_5)","decl":{"start":{"line":7,"column":9},"end":{"line":7,"column":16}},"loc":{"start":{"line":7,"column":9},"end":{"line":7,"column":25}}},"6":{"name":"(anonymous_6)","decl":{"start":{"line":8,"column":9},"end":{"line":8,"column":16}},"loc":{"start":{"line":8,"column":9},"end":{"line":8,"column":30}}},"7":{"name":"(anonymous_7)","decl":{"start":{"line":9,"column":9},"end":{"line":9,"column":16}},"loc":{"start":{"line":9,"column":9},"end":{"line":9,"column":26}}},"8":{"name":"(anonymous_8)","decl":{"start":{"line":10,"column":9},"end":{"line":10,"column":16}},"loc":{"start":{"line":10,"column":9},"end":{"line":10,"column":23}}},"9":{"name":"(anonymous_9)","decl":{"start":{"line":11,"column":9},"end":{"line":11,"column":16}},"loc":{"start":{"line":11,"column":9},"end":{"line":11,"column":25}}},"10":{"name":"(anonymous_10)","decl":{"start":{"line":12,"column":9},"end":{"line":12,"column":16}},"loc":{"start":{"line":12,"column":9},"end":{"line":12,"column":28}}},"11":{"name":"(anonymous_11)","decl":{"start":{"line":13,"column":9},"end":{"line":13,"column":16}},"loc":{"start":{"line":13,"column":9},"end":{"line":13,"column":31}}},"12":{"name":"(anonymous_12)","decl":{"start":{"line":14,"column":9},"end":{"line":14,"column":16}},"loc":{"start":{"line":14,"column":9},"end":{"line":14,"column":29}}},"13":{"name":"(anonymous_13)","decl":{"start":{"line":15,"column":9},"end":{"line":15,"column":16}},"loc":{"start":{"line":15,"column":9},"end":{"line":15,"column":24}}},"14":{"name":"(anonymous_14)","decl":{"start":{"line":16,"column":9},"end":{"line":16,"column":16}},"loc":{"start":{"line":16,"column":9},"end":{"line":16,"column":29}}},"15":{"name":"(anonymous_15)","decl":{"start":{"line":17,"column":9},"end":{"line":17,"column":16}},"loc":{"start":{"line":17,"column":9},"end":{"line":17,"column":27}}},"16":{"name":"(anonymous_16)","decl":{"start":{"line":18,"column":9},"end":{"line":18,"column":16}},"loc":{"start":{"line":18,"column":9},"end":{"line":18,"column":24}}},"17":{"name":"(anonymous_17)","decl":{"start":{"line":19,"column":9},"end":{"line":19,"column":16}},"loc":{"start":{"line":19,"column":9},"end":{"line":19,"column":25}}},"18":{"name":"(anonymous_18)","decl":{"start":{"line":20,"column":9},"end":{"line":20,"column":16}},"loc":{"start":{"line":20,"column":9},"end":{"line":20,"column":24}}},"19":{"name":"(anonymous_19)","decl":{"start":{"line":21,"column":9},"end":{"line":21,"column":16}},"loc":{"start":{"line":21,"column":9},"end":{"line":21,"column":24}}},"20":{"name":"(anonymous_20)","decl":{"start":{"line":22,"column":9},"end":{"line":22,"column":16}},"loc":{"start":{"line":22,"column":9},"end":{"line":22,"column":28}}},"21":{"name":"(anonymous_21)","decl":{"start":{"line":24,"column":9},"end":{"line":24,"column":16}},"loc":{"start":{"line":24,"column":9},"end":{"line":24,"column":25}}},"22":{"name":"(anonymous_22)","decl":{"start":{"line":25,"column":9},"end":{"line":25,"column":16}},"loc":{"start":{"line":25,"column":9},"end":{"line":25,"column":29}}},"23":{"name":"(anonymous_23)","decl":{"start":{"line":26,"column":9},"end":{"line":26,"column":16}},"loc":{"start":{"line":26,"column":9},"end":{"line":26,"column":29}}},"24":{"name":"(anonymous_24)","decl":{"start":{"line":27,"column":9},"end":{"line":27,"column":16}},"loc":{"start":{"line":27,"column":9},"end":{"line":27,"column":28}}},"25":{"name":"(anonymous_25)","decl":{"start":{"line":28,"column":9},"end":{"line":28,"column":16}},"loc":{"start":{"line":28,"column":9},"end":{"line":28,"column":29}}},"26":{"name":"(anonymous_26)","decl":{"start":{"line":31,"column":9},"end":{"line":31,"column":16}},"loc":{"start":{"line":31,"column":9},"end":{"line":31,"column":23}}},"27":{"name":"(anonymous_27)","decl":{"start":{"line":32,"column":9},"end":{"line":32,"column":16}},"loc":{"start":{"line":32,"column":9},"end":{"line":32,"column":26}}},"28":{"name":"(anonymous_28)","decl":{"start":{"line":33,"column":9},"end":{"line":33,"column":16}},"loc":{"start":{"line":33,"column":9},"end":{"line":33,"column":25}}},"29":{"name":"(anonymous_29)","decl":{"start":{"line":36,"column":9},"end":{"line":36,"column":16}},"loc":{"start":{"line":36,"column":9},"end":{"line":36,"column":33}}},"30":{"name":"(anonymous_30)","decl":{"start":{"line":37,"column":9},"end":{"line":37,"column":16}},"loc":{"start":{"line":37,"column":9},"end":{"line":37,"column":24}}},"31":{"name":"(anonymous_31)","decl":{"start":{"line":38,"column":9},"end":{"line":38,"column":16}},"loc":{"start":{"line":38,"column":9},"end":{"line":38,"column":23}}},"32":{"name":"(anonymous_32)","decl":{"start":{"line":39,"column":9},"end":{"line":39,"column":16}},"loc":{"start":{"line":39,"column":9},"end":{"line":39,"column":27}}},"33":{"name":"(anonymous_33)","decl":{"start":{"line":40,"column":9},"end":{"line":40,"column":16}},"loc":{"start":{"line":40,"column":9},"end":{"line":40,"column":29}}},"34":{"name":"(anonymous_34)","decl":{"start":{"line":41,"column":9},"end":{"line":41,"column":16}},"loc":{"start":{"line":41,"column":9},"end":{"line":41,"column":24}}},"35":{"name":"(anonymous_35)","decl":{"start":{"line":42,"column":9},"end":{"line":42,"column":16}},"loc":{"start":{"line":42,"column":9},"end":{"line":42,"column":25}}},"36":{"name":"(anonymous_36)","decl":{"start":{"line":43,"column":9},"end":{"line":43,"column":16}},"loc":{"start":{"line":43,"column":9},"end":{"line":43,"column":25}}},"37":{"name":"(anonymous_37)","decl":{"start":{"line":44,"column":9},"end":{"line":44,"column":16}},"loc":{"start":{"line":44,"column":9},"end":{"line":44,"column":27}}},"38":{"name":"(anonymous_38)","decl":{"start":{"line":45,"column":9},"end":{"line":45,"column":16}},"loc":{"start":{"line":45,"column":9},"end":{"line":45,"column":35}}},"39":{"name":"(anonymous_39)","decl":{"start":{"line":46,"column":9},"end":{"line":46,"column":16}},"loc":{"start":{"line":46,"column":9},"end":{"line":46,"column":24}}},"40":{"name":"(anonymous_40)","decl":{"start":{"line":47,"column":9},"end":{"line":47,"column":16}},"loc":{"start":{"line":47,"column":9},"end":{"line":47,"column":28}}},"41":{"name":"(anonymous_41)","decl":{"start":{"line":48,"column":9},"end":{"line":48,"column":16}},"loc":{"start":{"line":48,"column":9},"end":{"line":48,"column":29}}},"42":{"name":"(anonymous_42)","decl":{"start":{"line":51,"column":9},"end":{"line":51,"column":16}},"loc":{"start":{"line":51,"column":9},"end":{"line":51,"column":25}}},"43":{"name":"(anonymous_43)","decl":{"start":{"line":52,"column":9},"end":{"line":52,"column":16}},"loc":{"start":{"line":52,"column":9},"end":{"line":52,"column":28}}},"44":{"name":"(anonymous_44)","decl":{"start":{"line":53,"column":9},"end":{"line":53,"column":16}},"loc":{"start":{"line":53,"column":9},"end":{"line":53,"column":25}}},"45":{"name":"(anonymous_45)","decl":{"start":{"line":54,"column":9},"end":{"line":54,"column":16}},"loc":{"start":{"line":54,"column":9},"end":{"line":54,"column":26}}},"46":{"name":"(anonymous_46)","decl":{"start":{"line":55,"column":9},"end":{"line":55,"column":16}},"loc":{"start":{"line":55,"column":9},"end":{"line":55,"column":26}}},"47":{"name":"(anonymous_47)","decl":{"start":{"line":56,"column":9},"end":{"line":56,"column":16}},"loc":{"start":{"line":56,"column":9},"end":{"line":56,"column":25}}},"48":{"name":"(anonymous_48)","decl":{"start":{"line":57,"column":9},"end":{"line":57,"column":16}},"loc":{"start":{"line":57,"column":9},"end":{"line":57,"column":26}}},"49":{"name":"(anonymous_49)","decl":{"start":{"line":58,"column":9},"end":{"line":58,"column":16}},"loc":{"start":{"line":58,"column":9},"end":{"line":58,"column":28}}},"50":{"name":"(anonymous_50)","decl":{"start":{"line":59,"column":9},"end":{"line":59,"column":16}},"loc":{"start":{"line":59,"column":9},"end":{"line":59,"column":26}}},"51":{"name":"(anonymous_51)","decl":{"start":{"line":60,"column":9},"end":{"line":60,"column":16}},"loc":{"start":{"line":60,"column":9},"end":{"line":60,"column":25}}},"52":{"name":"(anonymous_52)","decl":{"start":{"line":61,"column":9},"end":{"line":61,"column":16}},"loc":{"start":{"line":61,"column":9},"end":{"line":61,"column":40}}},"53":{"name":"(anonymous_53)","decl":{"start":{"line":63,"column":9},"end":{"line":63,"column":16}},"loc":{"start":{"line":63,"column":9},"end":{"line":63,"column":27}}},"54":{"name":"(anonymous_54)","decl":{"start":{"line":65,"column":9},"end":{"line":65,"column":16}},"loc":{"start":{"line":65,"column":9},"end":{"line":65,"column":24}}},"55":{"name":"(anonymous_55)","decl":{"start":{"line":67,"column":9},"end":{"line":67,"column":16}},"loc":{"start":{"line":67,"column":9},"end":{"line":67,"column":32}}},"56":{"name":"(anonymous_56)","decl":{"start":{"line":68,"column":9},"end":{"line":68,"column":16}},"loc":{"start":{"line":68,"column":9},"end":{"line":68,"column":30}}}},"branchMap":{},"s":{"0":2,"1":2,"2":2,"3":2,"4":2,"5":2,"6":2,"7":280,"8":2,"9":2,"10":2,"11":2,"12":2,"13":2,"14":2,"15":2,"16":2,"17":4,"18":2,"19":274,"20":2,"21":2,"22":2,"23":382,"24":2,"25":2,"26":2,"27":2,"28":2,"29":2,"30":2,"31":2,"32":2,"33":2,"34":2,"35":2,"36":2,"37":382,"38":2,"39":8,"40":2,"41":380,"42":2,"43":2,"44":2,"45":2,"46":2,"47":2,"48":2,"49":2,"50":2,"51":2,"52":2,"53":2,"54":2,"55":2,"56":2,"57":2,"58":2,"59":2,"60":2,"61":2,"62":2,"63":2,"64":2,"65":2,"66":2,"67":2,"68":2,"69":2,"70":2,"71":2,"72":2,"73":2,"74":2,"75":2,"76":2,"77":2,"78":2,"79":382,"80":2,"81":382,"82":2,"83":2,"84":2,"85":2,"86":2,"87":2,"88":2,"89":2,"90":2,"91":2,"92":2,"93":2,"94":2,"95":2,"96":2,"97":2,"98":2,"99":2,"100":2,"101":2,"102":2,"103":2,"104":2,"105":2,"106":2,"107":2,"108":2,"109":2,"110":2,"111":2,"112":2,"113":2},"f":{"0":0,"1":0,"2":0,"3":278,"4":0,"5":0,"6":0,"7":0,"8":2,"9":272,"10":0,"11":380,"12":0,"13":0,"14":0,"15":0,"16":0,"17":0,"18":380,"19":6,"20":378,"21":0,"22":0,"23":0,"24":0,"25":0,"26":0,"27":0,"28":0,"29":0,"30":0,"31":0,"32":0,"33":0,"34":0,"35":0,"36":0,"37":0,"38":0,"39":380,"40":380,"41":0,"42":0,"43":0,"44":0,"45":0,"46":0,"47":0,"48":0,"49":0,"50":0,"51":0,"52":0,"53":0,"54":0,"55":0,"56":0},"b":{}}
,"/Users/braflow/cross-country/src/components/atoms/coming-soon.jsx": {"path":"/Users/braflow/cross-country/src/components/atoms/coming-soon.jsx","statementMap":{"0":{"start":{"line":2,"column":2},"end":{"line":7,"column":4}}},"fnMap":{"0":{"name":"ComingSoon","decl":{"start":{"line":1,"column":24},"end":{"line":1,"column":34}},"loc":{"start":{"line":1,"column":37},"end":{"line":8,"column":1}},"line":1}},"branchMap":{},"s":{"0":0},"f":{"0":0},"b":{}}
,"/Users/braflow/cross-country/src/components/atoms/audio/audio.js": {"path":"/Users/braflow/cross-country/src/components/atoms/audio/audio.js","statementMap":{"0":{"start":{"line":4,"column":14},"end":{"line":12,"column":1}},"1":{"start":{"line":5,"column":28},"end":{"line":5,"column":41}},"2":{"start":{"line":7,"column":2},"end":{"line":11,"column":4}}},"fnMap":{"0":{"name":"(anonymous_0)","decl":{"start":{"line":4,"column":14},"end":{"line":4,"column":15}},"loc":{"start":{"line":4,"column":27},"end":{"line":12,"column":1}},"line":4}},"branchMap":{"0":{"loc":{"start":{"line":9,"column":32},"end":{"line":9,"column":58}},"type":"cond-expr","locations":[{"start":{"line":9,"column":42},"end":{"line":9,"column":49}},{"start":{"line":9,"column":52},"end":{"line":9,"column":58}}],"line":9}},"s":{"0":1,"1":1,"2":1},"f":{"0":1},"b":{"0":[0,1]},"_coverageSchema":"1a1c01bbd47fc00a2c39e90264f33305004495a9","hash":"fa468b54fd614e43383eb7355512050faa2d3a3d"}
,"/Users/braflow/cross-country/src/components/atoms/audio/index.js": {"path":"/Users/braflow/cross-country/src/components/atoms/audio/index.js","statementMap":{},"fnMap":{},"branchMap":{},"s":{},"f":{},"b":{},"_coverageSchema":"1a1c01bbd47fc00a2c39e90264f33305004495a9","hash":"55643f5143bfd9c4e2b27e67483e190a59071249"}
,"/Users/braflow/cross-country/src/components/atoms/audio/useAudio.js": {"path":"/Users/braflow/cross-country/src/components/atoms/audio/useAudio.js","statementMap":{"0":{"start":{"line":4,"column":24},"end":{"line":22,"column":1}},"1":{"start":{"line":5,"column":18},"end":{"line":5,"column":42}},"2":{"start":{"line":6,"column":32},"end":{"line":6,"column":47}},"3":{"start":{"line":8,"column":17},"end":{"line":8,"column":43}},"4":{"start":{"line":8,"column":23},"end":{"line":8,"column":43}},"5":{"start":{"line":10,"column":2},"end":{"line":12,"column":16}},"6":{"start":{"line":11,"column":4},"end":{"line":11,"column":43}},"7":{"start":{"line":14,"column":2},"end":{"line":19,"column":9}},"8":{"start":{"line":15,"column":4},"end":{"line":15,"column":61}},"9":{"start":{"line":15,"column":42},"end":{"line":15,"column":59}},"10":{"start":{"line":16,"column":4},"end":{"line":18,"column":6}},"11":{"start":{"line":17,"column":6},"end":{"line":17,"column":66}},"12":{"start":{"line":17,"column":47},"end":{"line":17,"column":64}},"13":{"start":{"line":21,"column":2},"end":{"line":21,"column":27}}},"fnMap":{"0":{"name":"(anonymous_0)","decl":{"start":{"line":4,"column":24},"end":{"line":4,"column":25}},"loc":{"start":{"line":4,"column":31},"end":{"line":22,"column":1}},"line":4},"1":{"name":"(anonymous_1)","decl":{"start":{"line":8,"column":17},"end":{"line":8,"column":18}},"loc":{"start":{"line":8,"column":23},"end":{"line":8,"column":43}},"line":8},"2":{"name":"(anonymous_2)","decl":{"start":{"line":10,"column":12},"end":{"line":10,"column":13}},"loc":{"start":{"line":10,"column":18},"end":{"line":12,"column":3}},"line":10},"3":{"name":"(anonymous_3)","decl":{"start":{"line":14,"column":12},"end":{"line":14,"column":13}},"loc":{"start":{"line":14,"column":18},"end":{"line":19,"column":3}},"line":14},"4":{"name":"(anonymous_4)","decl":{"start":{"line":15,"column":36},"end":{"line":15,"column":37}},"loc":{"start":{"line":15,"column":42},"end":{"line":15,"column":59}},"line":15},"5":{"name":"(anonymous_5)","decl":{"start":{"line":16,"column":11},"end":{"line":16,"column":12}},"loc":{"start":{"line":16,"column":17},"end":{"line":18,"column":5}},"line":16},"6":{"name":"(anonymous_6)","decl":{"start":{"line":17,"column":41},"end":{"line":17,"column":42}},"loc":{"start":{"line":17,"column":47},"end":{"line":17,"column":64}},"line":17}},"branchMap":{"0":{"loc":{"start":{"line":11,"column":4},"end":{"line":11,"column":42}},"type":"cond-expr","locations":[{"start":{"line":11,"column":14},"end":{"line":11,"column":26}},{"start":{"line":11,"column":29},"end":{"line":11,"column":42}}],"line":11}},"s":{"0":1,"1":1,"2":1,"3":1,"4":0,"5":1,"6":1,"7":1,"8":1,"9":0,"10":1,"11":1,"12":0,"13":1},"f":{"0":1,"1":0,"2":1,"3":1,"4":0,"5":1,"6":0},"b":{"0":[0,1]},"_coverageSchema":"1a1c01bbd47fc00a2c39e90264f33305004495a9","hash":"d57080030ddeba095b72788101ff59b28b9b1075"}
,"/Users/braflow/cross-country/src/components/atoms/button/button-themed.js": {"path":"/Users/braflow/cross-country/src/components/atoms/button/button-themed.js","statementMap":{"0":{"start":{"line":6,"column":21},"end":{"line":15,"column":1}},"1":{"start":{"line":7,"column":2},"end":{"line":14,"column":11}}},"fnMap":{"0":{"name":"(anonymous_0)","decl":{"start":{"line":6,"column":21},"end":{"line":6,"column":22}},"loc":{"start":{"line":7,"column":2},"end":{"line":14,"column":11}},"line":7}},"branchMap":{"0":{"loc":{"start":{"line":6,"column":24},"end":{"line":6,"column":33}},"type":"default-arg","locations":[{"start":{"line":6,"column":31},"end":{"line":6,"column":33}}],"line":6},"1":{"loc":{"start":{"line":6,"column":35},"end":{"line":6,"column":49}},"type":"default-arg","locations":[{"start":{"line":6,"column":45},"end":{"line":6,"column":49}}],"line":6},"2":{"loc":{"start":{"line":6,"column":51},"end":{"line":6,"column":67}},"type":"default-arg","locations":[{"start":{"line":6,"column":65},"end":{"line":6,"column":67}}],"line":6},"3":{"loc":{"start":{"line":6,"column":69},"end":{"line":6,"column":85}},"type":"default-arg","locations":[{"start":{"line":6,"column":83},"end":{"line":6,"column":85}}],"line":6},"4":{"loc":{"start":{"line":6,"column":87},"end":{"line":6,"column":102}},"type":"default-arg","locations":[{"start":{"line":6,"column":98},"end":{"line":6,"column":102}}],"line":6},"5":{"loc":{"start":{"line":13,"column":5},"end":{"line":13,"column":21}},"type":"binary-expr","locations":[{"start":{"line":13,"column":5},"end":{"line":13,"column":9}},{"start":{"line":13,"column":13},"end":{"line":13,"column":21}}],"line":13}},"s":{"0":3,"1":3},"f":{"0":3},"b":{"0":[0],"1":[1],"2":[3],"3":[3],"4":[3],"5":[3,0]},"_coverageSchema":"1a1c01bbd47fc00a2c39e90264f33305004495a9","hash":"2fd8b8aee8288fcf02b0bd0cac31d34c61c7b9cd"}
,"/Users/braflow/cross-country/src/components/atoms/button/button.js": {"path":"/Users/braflow/cross-country/src/components/atoms/button/button.js","statementMap":{"0":{"start":{"line":4,"column":15},"end":{"line":10,"column":1}},"1":{"start":{"line":5,"column":2},"end":{"line":9,"column":4}}},"fnMap":{"0":{"name":"(anonymous_0)","decl":{"start":{"line":4,"column":15},"end":{"line":4,"column":16}},"loc":{"start":{"line":4,"column":103},"end":{"line":10,"column":1}},"line":4}},"branchMap":{"0":{"loc":{"start":{"line":4,"column":18},"end":{"line":4,"column":27}},"type":"default-arg","locations":[{"start":{"line":4,"column":25},"end":{"line":4,"column":27}}],"line":4},"1":{"loc":{"start":{"line":4,"column":29},"end":{"line":4,"column":43}},"type":"default-arg","locations":[{"start":{"line":4,"column":39},"end":{"line":4,"column":43}}],"line":4},"2":{"loc":{"start":{"line":4,"column":45},"end":{"line":4,"column":61}},"type":"default-arg","locations":[{"start":{"line":4,"column":59},"end":{"line":4,"column":61}}],"line":4},"3":{"loc":{"start":{"line":4,"column":63},"end":{"line":4,"column":79}},"type":"default-arg","locations":[{"start":{"line":4,"column":77},"end":{"line":4,"column":79}}],"line":4},"4":{"loc":{"start":{"line":4,"column":81},"end":{"line":4,"column":96}},"type":"default-arg","locations":[{"start":{"line":4,"column":92},"end":{"line":4,"column":96}}],"line":4},"5":{"loc":{"start":{"line":7,"column":7},"end":{"line":7,"column":23}},"type":"binary-expr","locations":[{"start":{"line":7,"column":7},"end":{"line":7,"column":11}},{"start":{"line":7,"column":15},"end":{"line":7,"column":23}}],"line":7}},"s":{"0":3,"1":3},"f":{"0":3},"b":{"0":[0],"1":[0],"2":[0],"3":[0],"4":[0],"5":[3,0]},"_coverageSchema":"1a1c01bbd47fc00a2c39e90264f33305004495a9","hash":"62c307748d3240e426fdb116393fbf5ff3988adb"}
,"/Users/braflow/cross-country/src/components/atoms/button/index.js": {"path":"/Users/braflow/cross-country/src/components/atoms/button/index.js","statementMap":{},"fnMap":{},"branchMap":{},"s":{},"f":{},"b":{}}
,"/Users/braflow/cross-country/src/components/atoms/checkbox/checkbox.js": {"path":"/Users/braflow/cross-country/src/components/atoms/checkbox/checkbox.js","statementMap":{"0":{"start":{"line":4,"column":17},"end":{"line":17,"column":1}},"1":{"start":{"line":5,"column":28},"end":{"line":5,"column":75}},"2":{"start":{"line":6,"column":20},"end":{"line":6,"column":77}},"3":{"start":{"line":7,"column":2},"end":{"line":16,"column":4}}},"fnMap":{"0":{"name":"(anonymous_0)","decl":{"start":{"line":4,"column":17},"end":{"line":4,"column":18}},"loc":{"start":{"line":4,"column":54},"end":{"line":17,"column":1}},"line":4}},"branchMap":{"0":{"loc":{"start":{"line":5,"column":28},"end":{"line":5,"column":75}},"type":"cond-expr","locations":[{"start":{"line":5,"column":40},"end":{"line":5,"column":70}},{"start":{"line":5,"column":73},"end":{"line":5,"column":75}}],"line":5}},"s":{"0":3,"1":1,"2":1,"3":1},"f":{"0":1},"b":{"0":[1,0]},"_coverageSchema":"1a1c01bbd47fc00a2c39e90264f33305004495a9","hash":"ec73f4d6831abc5e30e7a8ea78607aab190c108c"}
,"/Users/braflow/cross-country/src/components/atoms/checkbox/index.js": {"path":"/Users/braflow/cross-country/src/components/atoms/checkbox/index.js","statementMap":{},"fnMap":{},"branchMap":{},"s":{},"f":{},"b":{},"_coverageSchema":"1a1c01bbd47fc00a2c39e90264f33305004495a9","hash":"76946130cf7db2f8d38dd8ef10afe5b4fbd94f58"}
,"/Users/braflow/cross-country/src/components/atoms/circle/animated-circles-story.js": {"path":"/Users/braflow/cross-country/src/components/atoms/circle/animated-circles-story.js","statementMap":{"0":{"start":{"line":4,"column":29},"end":{"line":13,"column":1}},"1":{"start":{"line":5,"column":25},"end":{"line":7,"column":3}},"2":{"start":{"line":8,"column":2},"end":{"line":12,"column":4}}},"fnMap":{"0":{"name":"(anonymous_0)","decl":{"start":{"line":4,"column":29},"end":{"line":4,"column":30}},"loc":{"start":{"line":4,"column":35},"end":{"line":13,"column":1}},"line":4}},"branchMap":{},"s":{"0":0,"1":0,"2":0},"f":{"0":0},"b":{}}
,"/Users/braflow/cross-country/src/components/atoms/circle/animated-circles.js": {"path":"/Users/braflow/cross-country/src/components/atoms/circle/animated-circles.js","statementMap":{"0":{"start":{"line":5,"column":24},"end":{"line":9,"column":1}},"1":{"start":{"line":6,"column":2},"end":{"line":8,"column":69}},"2":{"start":{"line":8,"column":15},"end":{"line":8,"column":67}},"3":{"start":{"line":11,"column":25},"end":{"line":26,"column":1}},"4":{"start":{"line":12,"column":2},"end":{"line":25,"column":14}},"5":{"start":{"line":28,"column":24},"end":{"line":74,"column":1}},"6":{"start":{"line":29,"column":18},"end":{"line":29,"column":35}},"7":{"start":{"line":31,"column":46},"end":{"line":31,"column":63}},"8":{"start":{"line":32,"column":14},"end":{"line":32,"column":22}},"9":{"start":{"line":34,"column":2},"end":{"line":37,"column":11}},"10":{"start":{"line":35,"column":23},"end":{"line":35,"column":40}},"11":{"start":{"line":36,"column":4},"end":{"line":36,"column":34}},"12":{"start":{"line":39,"column":24},"end":{"line":66,"column":3}},"13":{"start":{"line":40,"column":23},"end":{"line":40,"column":45}},"14":{"start":{"line":41,"column":4},"end":{"line":65,"column":8}},"15":{"start":{"line":43,"column":33},"end":{"line":43,"column":34}},"16":{"start":{"line":46,"column":10},"end":{"line":62,"column":13}},"17":{"start":{"line":48,"column":29},"end":{"line":48,"column":33}},"18":{"start":{"line":49,"column":29},"end":{"line":49,"column":33}},"19":{"start":{"line":53,"column":14},"end":{"line":61,"column":37}},"20":{"start":{"line":56,"column":33},"end":{"line":56,"column":58}},"21":{"start":{"line":63,"column":18},"end":{"line":63,"column":50}},"22":{"start":{"line":64,"column":16},"end":{"line":64,"column":57}},"23":{"start":{"line":64,"column":34},"end":{"line":64,"column":56}},"24":{"start":{"line":68,"column":2},"end":{"line":72,"column":23}},"25":{"start":{"line":69,"column":4},"end":{"line":71,"column":5}},"26":{"start":{"line":70,"column":6},"end":{"line":70,"column":22}},"27":{"start":{"line":73,"column":2},"end":{"line":73,"column":25}}},"fnMap":{"0":{"name":"(anonymous_0)","decl":{"start":{"line":5,"column":24},"end":{"line":5,"column":25}},"loc":{"start":{"line":5,"column":30},"end":{"line":9,"column":1}},"line":5},"1":{"name":"(anonymous_1)","decl":{"start":{"line":8,"column":9},"end":{"line":8,"column":10}},"loc":{"start":{"line":8,"column":15},"end":{"line":8,"column":67}},"line":8},"2":{"name":"(anonymous_2)","decl":{"start":{"line":11,"column":25},"end":{"line":11,"column":26}},"loc":{"start":{"line":11,"column":34},"end":{"line":26,"column":1}},"line":11},"3":{"name":"(anonymous_3)","decl":{"start":{"line":28,"column":24},"end":{"line":28,"column":25}},"loc":{"start":{"line":28,"column":30},"end":{"line":74,"column":1}},"line":28},"4":{"name":"(anonymous_4)","decl":{"start":{"line":34,"column":14},"end":{"line":34,"column":15}},"loc":{"start":{"line":34,"column":20},"end":{"line":37,"column":3}},"line":34},"5":{"name":"(anonymous_5)","decl":{"start":{"line":39,"column":24},"end":{"line":39,"column":25}},"loc":{"start":{"line":39,"column":30},"end":{"line":66,"column":3}},"line":39},"6":{"name":"(anonymous_6)","decl":{"start":{"line":43,"column":28},"end":{"line":43,"column":29}},"loc":{"start":{"line":43,"column":33},"end":{"line":43,"column":34}},"line":43},"7":{"name":"(anonymous_7)","decl":{"start":{"line":45,"column":8},"end":{"line":45,"column":9}},"loc":{"start":{"line":46,"column":10},"end":{"line":62,"column":13}},"line":46},"8":{"name":"(anonymous_8)","decl":{"start":{"line":48,"column":24},"end":{"line":48,"column":25}},"loc":{"start":{"line":48,"column":29},"end":{"line":48,"column":33}},"line":48},"9":{"name":"(anonymous_9)","decl":{"start":{"line":49,"column":24},"end":{"line":49,"column":25}},"loc":{"start":{"line":49,"column":29},"end":{"line":49,"column":33}},"line":49},"10":{"name":"(anonymous_10)","decl":{"start":{"line":52,"column":18},"end":{"line":52,"column":19}},"loc":{"start":{"line":53,"column":14},"end":{"line":61,"column":37}},"line":53},"11":{"name":"(anonymous_11)","decl":{"start":{"line":56,"column":28},"end":{"line":56,"column":29}},"loc":{"start":{"line":56,"column":33},"end":{"line":56,"column":58}},"line":56},"12":{"name":"(anonymous_12)","decl":{"start":{"line":63,"column":8},"end":{"line":63,"column":9}},"loc":{"start":{"line":63,"column":18},"end":{"line":63,"column":50}},"line":63},"13":{"name":"(anonymous_13)","decl":{"start":{"line":64,"column":8},"end":{"line":64,"column":9}},"loc":{"start":{"line":64,"column":16},"end":{"line":64,"column":57}},"line":64},"14":{"name":"(anonymous_14)","decl":{"start":{"line":64,"column":26},"end":{"line":64,"column":27}},"loc":{"start":{"line":64,"column":34},"end":{"line":64,"column":56}},"line":64},"15":{"name":"(anonymous_15)","decl":{"start":{"line":68,"column":12},"end":{"line":68,"column":13}},"loc":{"start":{"line":68,"column":18},"end":{"line":72,"column":3}},"line":68}},"branchMap":{"0":{"loc":{"start":{"line":69,"column":4},"end":{"line":71,"column":5}},"type":"if","locations":[{"start":{"line":69,"column":4},"end":{"line":71,"column":5}},{"start":{"line":69,"column":4},"end":{"line":71,"column":5}}],"line":69}},"s":{"0":0,"1":0,"2":0,"3":0,"4":0,"5":0,"6":0,"7":0,"8":0,"9":0,"10":0,"11":0,"12":0,"13":0,"14":0,"15":0,"16":0,"17":0,"18":0,"19":0,"20":0,"21":0,"22":0,"23":0,"24":0,"25":0,"26":0,"27":0},"f":{"0":0,"1":0,"2":0,"3":0,"4":0,"5":0,"6":0,"7":0,"8":0,"9":0,"10":0,"11":0,"12":0,"13":0,"14":0,"15":0},"b":{"0":[0,0]}}
,"/Users/braflow/cross-country/src/components/atoms/circle/circle.js": {"path":"/Users/braflow/cross-country/src/components/atoms/circle/circle.js","statementMap":{"0":{"start":{"line":1,"column":15},"end":{"line":3,"column":1}},"1":{"start":{"line":2,"column":2},"end":{"line":2,"column":71}}},"fnMap":{"0":{"name":"(anonymous_0)","decl":{"start":{"line":1,"column":15},"end":{"line":1,"column":16}},"loc":{"start":{"line":1,"column":71},"end":{"line":3,"column":1}},"line":1}},"branchMap":{"0":{"loc":{"start":{"line":1,"column":18},"end":{"line":1,"column":26}},"type":"default-arg","locations":[{"start":{"line":1,"column":23},"end":{"line":1,"column":26}}],"line":1},"1":{"loc":{"start":{"line":1,"column":28},"end":{"line":1,"column":36}},"type":"default-arg","locations":[{"start":{"line":1,"column":33},"end":{"line":1,"column":36}}],"line":1},"2":{"loc":{"start":{"line":1,"column":38},"end":{"line":1,"column":49}},"type":"default-arg","locations":[{"start":{"line":1,"column":47},"end":{"line":1,"column":49}}],"line":1},"3":{"loc":{"start":{"line":1,"column":51},"end":{"line":1,"column":64}},"type":"default-arg","locations":[{"start":{"line":1,"column":58},"end":{"line":1,"column":64}}],"line":1}},"s":{"0":2,"1":0},"f":{"0":0},"b":{"0":[0],"1":[0],"2":[0],"3":[0]},"_coverageSchema":"1a1c01bbd47fc00a2c39e90264f33305004495a9","hash":"5be8331f54e5685adeb0213dc9fcf3ae130cd4dd"}
,"/Users/braflow/cross-country/src/components/atoms/circle/index.js": {"path":"/Users/braflow/cross-country/src/components/atoms/circle/index.js","statementMap":{},"fnMap":{},"branchMap":{},"s":{},"f":{},"b":{},"_coverageSchema":"1a1c01bbd47fc00a2c39e90264f33305004495a9","hash":"75ac4ff39ac4118ac934fb136428cc5315e8a6fc"}
,"/Users/braflow/cross-country/src/components/atoms/column/column.js": {"path":"/Users/braflow/cross-country/src/components/atoms/column/column.js","statementMap":{"0":{"start":{"line":5,"column":15},"end":{"line":39,"column":1}},"1":{"start":{"line":21,"column":4},"end":{"line":37,"column":6}}},"fnMap":{"0":{"name":"(anonymous_0)","decl":{"start":{"line":6,"column":2},"end":{"line":6,"column":3}},"loc":{"start":{"line":17,"column":7},"end":{"line":38,"column":3}},"line":17}},"branchMap":{"0":{"loc":{"start":{"line":9,"column":6},"end":{"line":9,"column":27}},"type":"default-arg","locations":[{"start":{"line":9,"column":22},"end":{"line":9,"column":27}}],"line":9},"1":{"loc":{"start":{"line":10,"column":6},"end":{"line":10,"column":33}},"type":"default-arg","locations":[{"start":{"line":10,"column":28},"end":{"line":10,"column":33}}],"line":10},"2":{"loc":{"start":{"line":11,"column":6},"end":{"line":11,"column":30}},"type":"default-arg","locations":[{"start":{"line":11,"column":24},"end":{"line":11,"column":30}}],"line":11},"3":{"loc":{"start":{"line":12,"column":6},"end":{"line":12,"column":22}},"type":"default-arg","locations":[{"start":{"line":12,"column":20},"end":{"line":12,"column":22}}],"line":12},"4":{"loc":{"start":{"line":13,"column":6},"end":{"line":13,"column":22}},"type":"default-arg","locations":[{"start":{"line":13,"column":20},"end":{"line":13,"column":22}}],"line":13}},"s":{"0":2,"1":658},"f":{"0":658},"b":{"0":[278],"1":[658],"2":[658],"3":[278],"4":[0]},"_coverageSchema":"1a1c01bbd47fc00a2c39e90264f33305004495a9","hash":"cb805e44d8d75a4287685afffc76d844027d1a31"}
,"/Users/braflow/cross-country/src/components/atoms/column/index.js": {"path":"/Users/braflow/cross-country/src/components/atoms/column/index.js","statementMap":{},"fnMap":{},"branchMap":{},"s":{},"f":{},"b":{},"_coverageSchema":"1a1c01bbd47fc00a2c39e90264f33305004495a9","hash":"1fdd6c473c00c64c9bcbe36a8f3d40922f092615"}
,"/Users/braflow/cross-country/src/components/atoms/form/form.js": {"path":"/Users/braflow/cross-country/src/components/atoms/form/form.js","statementMap":{"0":{"start":{"line":5,"column":13},"end":{"line":9,"column":1}},"1":{"start":{"line":6,"column":2},"end":{"line":8,"column":9}}},"fnMap":{"0":{"name":"(anonymous_0)","decl":{"start":{"line":5,"column":13},"end":{"line":5,"column":14}},"loc":{"start":{"line":6,"column":2},"end":{"line":8,"column":9}},"line":6}},"branchMap":{"0":{"loc":{"start":{"line":5,"column":26},"end":{"line":5,"column":41}},"type":"default-arg","locations":[{"start":{"line":5,"column":37},"end":{"line":5,"column":41}}],"line":5},"1":{"loc":{"start":{"line":5,"column":43},"end":{"line":5,"column":59}},"type":"default-arg","locations":[{"start":{"line":5,"column":57},"end":{"line":5,"column":59}}],"line":5},"2":{"loc":{"start":{"line":5,"column":61},"end":{"line":5,"column":77}},"type":"default-arg","locations":[{"start":{"line":5,"column":75},"end":{"line":5,"column":77}}],"line":5}},"s":{"0":2,"1":0},"f":{"0":0},"b":{"0":[0],"1":[0],"2":[0]},"_coverageSchema":"1a1c01bbd47fc00a2c39e90264f33305004495a9","hash":"5e1b532c4754a4b6d911c1565b61c5a85233ee39"}
,"/Users/braflow/cross-country/src/components/atoms/form/index.js": {"path":"/Users/braflow/cross-country/src/components/atoms/form/index.js","statementMap":{},"fnMap":{},"branchMap":{},"s":{},"f":{},"b":{},"_coverageSchema":"1a1c01bbd47fc00a2c39e90264f33305004495a9","hash":"3e0976fb8cf8f1a0b73f2d9d21185f4e03ec9e5d"}
,"/Users/braflow/cross-country/src/components/atoms/grid/grid.js": {"path":"/Users/braflow/cross-country/src/components/atoms/grid/grid.js","statementMap":{"0":{"start":{"line":20,"column":13},"end":{"line":26,"column":1}},"1":{"start":{"line":21,"column":2},"end":{"line":25,"column":4}},"2":{"start":{"line":28,"column":0},"end":{"line":37,"column":2}},"3":{"start":{"line":39,"column":0},"end":{"line":42,"column":2}}},"fnMap":{"0":{"name":"(anonymous_0)","decl":{"start":{"line":20,"column":13},"end":{"line":20,"column":14}},"loc":{"start":{"line":20,"column":53},"end":{"line":26,"column":1}},"line":20}},"branchMap":{},"s":{"0":2,"1":0,"2":2,"3":2},"f":{"0":0},"b":{},"_coverageSchema":"1a1c01bbd47fc00a2c39e90264f33305004495a9","hash":"67176c60193fcc41e4ac1ab04e66e7e971134202"}
,"/Users/braflow/cross-country/src/components/atoms/grid/index.js": {"path":"/Users/braflow/cross-country/src/components/atoms/grid/index.js","statementMap":{},"fnMap":{},"branchMap":{},"s":{},"f":{},"b":{},"_coverageSchema":"1a1c01bbd47fc00a2c39e90264f33305004495a9","hash":"3b0e82d71709030a4b77800a69060bb46baa4c21"}
,"/Users/braflow/cross-country/src/components/atoms/group/group.js": {"path":"/Users/braflow/cross-country/src/components/atoms/group/group.js","statementMap":{"0":{"start":{"line":3,"column":14},"end":{"line":12,"column":2}},"1":{"start":{"line":4,"column":23},"end":{"line":4,"column":28}},"2":{"start":{"line":5,"column":2},"end":{"line":11,"column":4}}},"fnMap":{"0":{"name":"(anonymous_0)","decl":{"start":{"line":3,"column":25},"end":{"line":3,"column":26}},"loc":{"start":{"line":3,"column":41},"end":{"line":12,"column":1}},"line":3}},"branchMap":{},"s":{"0":2,"1":0,"2":0},"f":{"0":0},"b":{},"_coverageSchema":"1a1c01bbd47fc00a2c39e90264f33305004495a9","hash":"0c468b80f3b0d2236575b197a0dc4e022a21f2fa"}
,"/Users/braflow/cross-country/src/components/atoms/group/index.js": {"path":"/Users/braflow/cross-country/src/components/atoms/group/index.js","statementMap":{},"fnMap":{},"branchMap":{},"s":{},"f":{},"b":{},"_coverageSchema":"1a1c01bbd47fc00a2c39e90264f33305004495a9","hash":"2b6fd21d160fd4a20d10c3cadae529a19e5ada2a"}
,"/Users/braflow/cross-country/src/components/atoms/image/image.js": {"path":"/Users/braflow/cross-country/src/components/atoms/image/image.js","statementMap":{"0":{"start":{"line":5,"column":14},"end":{"line":21,"column":1}},"1":{"start":{"line":7,"column":4},"end":{"line":18,"column":5}},"2":{"start":{"line":20,"column":2},"end":{"line":20,"column":13}}},"fnMap":{"0":{"name":"(anonymous_0)","decl":{"start":{"line":5,"column":14},"end":{"line":5,"column":15}},"loc":{"start":{"line":5,"column":92},"end":{"line":21,"column":1}},"line":5}},"branchMap":{"0":{"loc":{"start":{"line":5,"column":34},"end":{"line":5,"column":49}},"type":"default-arg","locations":[{"start":{"line":5,"column":43},"end":{"line":5,"column":49}}],"line":5},"1":{"loc":{"start":{"line":5,"column":51},"end":{"line":5,"column":67}},"type":"default-arg","locations":[{"start":{"line":5,"column":65},"end":{"line":5,"column":67}}],"line":5},"2":{"loc":{"start":{"line":5,"column":69},"end":{"line":5,"column":85}},"type":"default-arg","locations":[{"start":{"line":5,"column":83},"end":{"line":5,"column":85}}],"line":5},"3":{"loc":{"start":{"line":7,"column":4},"end":{"line":18,"column":5}},"type":"cond-expr","locations":[{"start":{"line":8,"column":6},"end":{"line":15,"column":8}},{"start":{"line":17,"column":6},"end":{"line":17,"column":25}}],"line":7},"4":{"loc":{"start":{"line":7,"column":4},"end":{"line":7,"column":20}},"type":"binary-expr","locations":[{"start":{"line":7,"column":4},"end":{"line":7,"column":7}},{"start":{"line":7,"column":11},"end":{"line":7,"column":20}}],"line":7}},"s":{"0":2,"1":544,"2":0},"f":{"0":544},"b":{"0":[544],"1":[544],"2":[544],"3":[544,0],"4":[544,544]},"_coverageSchema":"1a1c01bbd47fc00a2c39e90264f33305004495a9","hash":"422553cf434eebeb2619e2effbee4667f4eda555"}
,"/Users/braflow/cross-country/src/components/atoms/image/index.js": {"path":"/Users/braflow/cross-country/src/components/atoms/image/index.js","statementMap":{},"fnMap":{},"branchMap":{},"s":{},"f":{},"b":{}}
,"/Users/braflow/cross-country/src/components/atoms/link/index.js": {"path":"/Users/braflow/cross-country/src/components/atoms/link/index.js","statementMap":{},"fnMap":{},"branchMap":{},"s":{},"f":{},"b":{},"_coverageSchema":"1a1c01bbd47fc00a2c39e90264f33305004495a9","hash":"0678c56956af550ce209b260b067b9a84e88b0a4"}
,"/Users/braflow/cross-country/src/components/atoms/link/link.js": {"path":"/Users/braflow/cross-country/src/components/atoms/link/link.js","statementMap":{"0":{"start":{"line":6,"column":13},"end":{"line":17,"column":1}},"1":{"start":{"line":7,"column":2},"end":{"line":16,"column":6}},"2":{"start":{"line":19,"column":0},"end":{"line":24,"column":2}},"3":{"start":{"line":26,"column":0},"end":{"line":31,"column":2}}},"fnMap":{"0":{"name":"(anonymous_0)","decl":{"start":{"line":6,"column":13},"end":{"line":6,"column":14}},"loc":{"start":{"line":7,"column":2},"end":{"line":16,"column":6}},"line":7}},"branchMap":{"0":{"loc":{"start":{"line":6,"column":45},"end":{"line":6,"column":61}},"type":"default-arg","locations":[{"start":{"line":6,"column":59},"end":{"line":6,"column":61}}],"line":6},"1":{"loc":{"start":{"line":6,"column":63},"end":{"line":6,"column":79}},"type":"default-arg","locations":[{"start":{"line":6,"column":77},"end":{"line":6,"column":79}}],"line":6}},"s":{"0":3,"1":381,"2":3,"3":3},"f":{"0":381},"b":{"0":[1],"1":[381]},"_coverageSchema":"1a1c01bbd47fc00a2c39e90264f33305004495a9","hash":"1798a12164c85e8a42a7b60d24853efa33c3f446"}
,"/Users/braflow/cross-country/src/components/atoms/list/index.js": {"path":"/Users/braflow/cross-country/src/components/atoms/list/index.js","statementMap":{},"fnMap":{},"branchMap":{},"s":{},"f":{},"b":{},"_coverageSchema":"1a1c01bbd47fc00a2c39e90264f33305004495a9","hash":"bf979b92c6880921085f551b3522868c03b02376"}
,"/Users/braflow/cross-country/src/components/atoms/list/list.js": {"path":"/Users/braflow/cross-country/src/components/atoms/list/list.js","statementMap":{"0":{"start":{"line":5,"column":13},"end":{"line":16,"column":1}},"1":{"start":{"line":6,"column":2},"end":{"line":15,"column":7}}},"fnMap":{"0":{"name":"(anonymous_0)","decl":{"start":{"line":5,"column":13},"end":{"line":5,"column":14}},"loc":{"start":{"line":6,"column":2},"end":{"line":15,"column":7}},"line":6}},"branchMap":{"0":{"loc":{"start":{"line":5,"column":26},"end":{"line":5,"column":42}},"type":"default-arg","locations":[{"start":{"line":5,"column":40},"end":{"line":5,"column":42}}],"line":5},"1":{"loc":{"start":{"line":5,"column":44},"end":{"line":5,"column":60}},"type":"default-arg","locations":[{"start":{"line":5,"column":58},"end":{"line":5,"column":60}}],"line":5},"2":{"loc":{"start":{"line":5,"column":62},"end":{"line":5,"column":80}},"type":"default-arg","locations":[{"start":{"line":5,"column":71},"end":{"line":5,"column":80}}],"line":5}},"s":{"0":2,"1":6},"f":{"0":6},"b":{"0":[0],"1":[6],"2":[6]},"_coverageSchema":"1a1c01bbd47fc00a2c39e90264f33305004495a9","hash":"3240ed28b9df79b2654f2913665289c856951772"}
,"/Users/braflow/cross-country/src/components/atoms/list/list-item/index.js": {"path":"/Users/braflow/cross-country/src/components/atoms/list/list-item/index.js","statementMap":{},"fnMap":{},"branchMap":{},"s":{},"f":{},"b":{}}
,"/Users/braflow/cross-country/src/components/atoms/list/list-item/list-item.js": {"path":"/Users/braflow/cross-country/src/components/atoms/list/list-item/list-item.js","statementMap":{"0":{"start":{"line":13,"column":17},"end":{"line":17,"column":1}},"1":{"start":{"line":14,"column":2},"end":{"line":16,"column":7}}},"fnMap":{"0":{"name":"(anonymous_0)","decl":{"start":{"line":13,"column":17},"end":{"line":13,"column":18}},"loc":{"start":{"line":14,"column":2},"end":{"line":16,"column":7}},"line":14}},"branchMap":{"0":{"loc":{"start":{"line":13,"column":30},"end":{"line":13,"column":46}},"type":"default-arg","locations":[{"start":{"line":13,"column":44},"end":{"line":13,"column":46}}],"line":13},"1":{"loc":{"start":{"line":13,"column":48},"end":{"line":13,"column":64}},"type":"default-arg","locations":[{"start":{"line":13,"column":62},"end":{"line":13,"column":64}}],"line":13}},"s":{"0":2,"1":378},"f":{"0":378},"b":{"0":[378],"1":[378]},"_coverageSchema":"1a1c01bbd47fc00a2c39e90264f33305004495a9","hash":"cfccee2f3dbd60ca1219e63097b7e520152c33a2"}
,"/Users/braflow/cross-country/src/components/atoms/logo/cross-country.js": {"path":"/Users/braflow/cross-country/src/components/atoms/logo/cross-country.js","statementMap":{"0":{"start":{"line":5,"column":25},"end":{"line":5,"column":139}},"1":{"start":{"line":5,"column":39},"end":{"line":5,"column":138}}},"fnMap":{"0":{"name":"(anonymous_0)","decl":{"start":{"line":5,"column":25},"end":{"line":5,"column":26}},"loc":{"start":{"line":5,"column":39},"end":{"line":5,"column":138}},"line":5}},"branchMap":{"0":{"loc":{"start":{"line":5,"column":71},"end":{"line":5,"column":83}},"type":"binary-expr","locations":[{"start":{"line":5,"column":71},"end":{"line":5,"column":76}},{"start":{"line":5,"column":80},"end":{"line":5,"column":83}}],"line":5}},"s":{"0":2,"1":0},"f":{"0":0},"b":{"0":[0,0]},"_coverageSchema":"1a1c01bbd47fc00a2c39e90264f33305004495a9","hash":"53920e42556437a3af911e7285a4f2777c405389"}
,"/Users/braflow/cross-country/src/components/atoms/logo/logo.js": {"path":"/Users/braflow/cross-country/src/components/atoms/logo/logo.js","statementMap":{"0":{"start":{"line":4,"column":13},"end":{"line":4,"column":96}},"1":{"start":{"line":4,"column":31},"end":{"line":4,"column":95}}},"fnMap":{"0":{"name":"(anonymous_0)","decl":{"start":{"line":4,"column":13},"end":{"line":4,"column":14}},"loc":{"start":{"line":4,"column":31},"end":{"line":4,"column":95}},"line":4}},"branchMap":{},"s":{"0":2,"1":0},"f":{"0":0},"b":{},"_coverageSchema":"1a1c01bbd47fc00a2c39e90264f33305004495a9","hash":"0ad36da78f3995ce61369d3266285518e91a93ed"}
,"/Users/braflow/cross-country/src/components/atoms/radio/index.js": {"path":"/Users/braflow/cross-country/src/components/atoms/radio/index.js","statementMap":{},"fnMap":{},"branchMap":{},"s":{},"f":{},"b":{},"_coverageSchema":"1a1c01bbd47fc00a2c39e90264f33305004495a9","hash":"0e292e60884c964234b8b4435ac6941e17e56f5c"}
,"/Users/braflow/cross-country/src/components/atoms/radio/radio.js": {"path":"/Users/braflow/cross-country/src/components/atoms/radio/radio.js","statementMap":{"0":{"start":{"line":5,"column":14},"end":{"line":25,"column":1}},"1":{"start":{"line":6,"column":22},"end":{"line":6,"column":42}},"2":{"start":{"line":8,"column":14},"end":{"line":8,"column":21}},"3":{"start":{"line":10,"column":20},"end":{"line":10,"column":76}},"4":{"start":{"line":12,"column":2},"end":{"line":24,"column":4}}},"fnMap":{"0":{"name":"(anonymous_0)","decl":{"start":{"line":5,"column":14},"end":{"line":5,"column":15}},"loc":{"start":{"line":5,"column":62},"end":{"line":25,"column":1}},"line":5}},"branchMap":{"0":{"loc":{"start":{"line":10,"column":20},"end":{"line":10,"column":76}},"type":"cond-expr","locations":[{"start":{"line":10,"column":33},"end":{"line":10,"column":57}},{"start":{"line":10,"column":60},"end":{"line":10,"column":76}}],"line":10}},"s":{"0":2,"1":0,"2":0,"3":0,"4":0},"f":{"0":0},"b":{"0":[0,0]},"_coverageSchema":"1a1c01bbd47fc00a2c39e90264f33305004495a9","hash":"436e794202be2ddc0a0237d176e3af3d3f7f3245"}
,"/Users/braflow/cross-country/src/components/atoms/row/index.js": {"path":"/Users/braflow/cross-country/src/components/atoms/row/index.js","statementMap":{},"fnMap":{},"branchMap":{},"s":{},"f":{},"b":{},"_coverageSchema":"1a1c01bbd47fc00a2c39e90264f33305004495a9","hash":"5da23b2e4a3515ccbe3c680cd92671b0d0abcf97"}
,"/Users/braflow/cross-country/src/components/atoms/row/row.js": {"path":"/Users/braflow/cross-country/src/components/atoms/row/row.js","statementMap":{"0":{"start":{"line":5,"column":12},"end":{"line":11,"column":2}},"1":{"start":{"line":6,"column":2},"end":{"line":10,"column":4}}},"fnMap":{"0":{"name":"(anonymous_0)","decl":{"start":{"line":5,"column":23},"end":{"line":5,"column":24}},"loc":{"start":{"line":5,"column":119},"end":{"line":11,"column":1}},"line":5}},"branchMap":{"0":{"loc":{"start":{"line":5,"column":36},"end":{"line":5,"column":62}},"type":"default-arg","locations":[{"start":{"line":5,"column":58},"end":{"line":5,"column":62}}],"line":5},"1":{"loc":{"start":{"line":5,"column":64},"end":{"line":5,"column":80}},"type":"default-arg","locations":[{"start":{"line":5,"column":78},"end":{"line":5,"column":80}}],"line":5},"2":{"loc":{"start":{"line":5,"column":82},"end":{"line":5,"column":98}},"type":"default-arg","locations":[{"start":{"line":5,"column":96},"end":{"line":5,"column":98}}],"line":5}},"s":{"0":2,"1":2},"f":{"0":2},"b":{"0":[2],"1":[0],"2":[2]},"_coverageSchema":"1a1c01bbd47fc00a2c39e90264f33305004495a9","hash":"d556a96512b6789c5b2b9c35ca43cbe03d2f8e42"}
,"/Users/braflow/cross-country/src/components/atoms/svg/index.js": {"path":"/Users/braflow/cross-country/src/components/atoms/svg/index.js","statementMap":{},"fnMap":{},"branchMap":{},"s":{},"f":{},"b":{},"_coverageSchema":"1a1c01bbd47fc00a2c39e90264f33305004495a9","hash":"4ff3dcbd8b788815564466da4a9db1ca1fa46aa5"}
,"/Users/braflow/cross-country/src/components/atoms/svg/svg.js": {"path":"/Users/braflow/cross-country/src/components/atoms/svg/svg.js","statementMap":{"0":{"start":{"line":1,"column":12},"end":{"line":15,"column":1}},"1":{"start":{"line":10,"column":2},"end":{"line":14,"column":4}}},"fnMap":{"0":{"name":"(anonymous_0)","decl":{"start":{"line":1,"column":12},"end":{"line":1,"column":13}},"loc":{"start":{"line":9,"column":6},"end":{"line":15,"column":1}},"line":9}},"branchMap":{"0":{"loc":{"start":{"line":2,"column":2},"end":{"line":2,"column":13}},"type":"default-arg","locations":[{"start":{"line":2,"column":10},"end":{"line":2,"column":13}}],"line":2},"1":{"loc":{"start":{"line":3,"column":2},"end":{"line":3,"column":14}},"type":"default-arg","locations":[{"start":{"line":3,"column":11},"end":{"line":3,"column":14}}],"line":3},"2":{"loc":{"start":{"line":4,"column":2},"end":{"line":4,"column":17}},"type":"default-arg","locations":[{"start":{"line":4,"column":13},"end":{"line":4,"column":17}}],"line":4},"3":{"loc":{"start":{"line":5,"column":2},"end":{"line":8,"column":3}},"type":"default-arg","locations":[{"start":{"line":5,"column":16},"end":{"line":8,"column":3}}],"line":5}},"s":{"0":2,"1":0},"f":{"0":0},"b":{"0":[0],"1":[0],"2":[0],"3":[0]},"_coverageSchema":"1a1c01bbd47fc00a2c39e90264f33305004495a9","hash":"9e21ef140d137050be661d53becb882831c8e4c8"}
,"/Users/braflow/cross-country/src/components/atoms/table/index.js": {"path":"/Users/braflow/cross-country/src/components/atoms/table/index.js","statementMap":{},"fnMap":{},"branchMap":{},"s":{},"f":{},"b":{},"_coverageSchema":"1a1c01bbd47fc00a2c39e90264f33305004495a9","hash":"6ccb17f0e4928bbb238ac444c030736070a034e2"}
,"/Users/braflow/cross-country/src/components/atoms/table/table.js": {"path":"/Users/braflow/cross-country/src/components/atoms/table/table.js","statementMap":{"0":{"start":{"line":11,"column":14},"end":{"line":15,"column":1}},"1":{"start":{"line":12,"column":2},"end":{"line":14,"column":10}}},"fnMap":{"0":{"name":"(anonymous_0)","decl":{"start":{"line":11,"column":14},"end":{"line":11,"column":15}},"loc":{"start":{"line":12,"column":2},"end":{"line":14,"column":10}},"line":12}},"branchMap":{"0":{"loc":{"start":{"line":11,"column":27},"end":{"line":11,"column":43}},"type":"default-arg","locations":[{"start":{"line":11,"column":41},"end":{"line":11,"column":43}}],"line":11},"1":{"loc":{"start":{"line":11,"column":45},"end":{"line":11,"column":61}},"type":"default-arg","locations":[{"start":{"line":11,"column":59},"end":{"line":11,"column":61}}],"line":11}},"s":{"0":2,"1":0},"f":{"0":0},"b":{"0":[0],"1":[0]},"_coverageSchema":"1a1c01bbd47fc00a2c39e90264f33305004495a9","hash":"7f8ffd7fd54f745f55a6f0b385dfbb9f80564624"}
,"/Users/braflow/cross-country/src/components/atoms/table/table-body/index.js": {"path":"/Users/braflow/cross-country/src/components/atoms/table/table-body/index.js","statementMap":{},"fnMap":{},"branchMap":{},"s":{},"f":{},"b":{},"_coverageSchema":"1a1c01bbd47fc00a2c39e90264f33305004495a9","hash":"fd6459d056edeaddfb8ccda18768f8a7718e21f7"}
,"/Users/braflow/cross-country/src/components/atoms/table/table-body/table-body.js": {"path":"/Users/braflow/cross-country/src/components/atoms/table/table-body/table-body.js","statementMap":{"0":{"start":{"line":11,"column":18},"end":{"line":15,"column":1}},"1":{"start":{"line":12,"column":2},"end":{"line":14,"column":10}}},"fnMap":{"0":{"name":"(anonymous_0)","decl":{"start":{"line":11,"column":18},"end":{"line":11,"column":19}},"loc":{"start":{"line":12,"column":2},"end":{"line":14,"column":10}},"line":12}},"branchMap":{"0":{"loc":{"start":{"line":11,"column":31},"end":{"line":11,"column":47}},"type":"default-arg","locations":[{"start":{"line":11,"column":45},"end":{"line":11,"column":47}}],"line":11},"1":{"loc":{"start":{"line":11,"column":49},"end":{"line":11,"column":65}},"type":"default-arg","locations":[{"start":{"line":11,"column":63},"end":{"line":11,"column":65}}],"line":11}},"s":{"0":2,"1":0},"f":{"0":0},"b":{"0":[0],"1":[0]},"_coverageSchema":"1a1c01bbd47fc00a2c39e90264f33305004495a9","hash":"e5265faea5c3f11fc817806120f7b7ebe1e5f0f0"}
,"/Users/braflow/cross-country/src/components/atoms/table/table-data/index.js": {"path":"/Users/braflow/cross-country/src/components/atoms/table/table-data/index.js","statementMap":{},"fnMap":{},"branchMap":{},"s":{},"f":{},"b":{},"_coverageSchema":"1a1c01bbd47fc00a2c39e90264f33305004495a9","hash":"8d328733af6a3a25974c6ebe13c3e37591590131"}
,"/Users/braflow/cross-country/src/components/atoms/table/table-data/table-data.js": {"path":"/Users/braflow/cross-country/src/components/atoms/table/table-data/table-data.js","statementMap":{"0":{"start":{"line":11,"column":18},"end":{"line":15,"column":1}},"1":{"start":{"line":12,"column":2},"end":{"line":14,"column":7}}},"fnMap":{"0":{"name":"(anonymous_0)","decl":{"start":{"line":11,"column":18},"end":{"line":11,"column":19}},"loc":{"start":{"line":12,"column":2},"end":{"line":14,"column":7}},"line":12}},"branchMap":{"0":{"loc":{"start":{"line":11,"column":21},"end":{"line":11,"column":35}},"type":"default-arg","locations":[{"start":{"line":11,"column":30},"end":{"line":11,"column":35}}],"line":11},"1":{"loc":{"start":{"line":11,"column":47},"end":{"line":11,"column":63}},"type":"default-arg","locations":[{"start":{"line":11,"column":61},"end":{"line":11,"column":63}}],"line":11},"2":{"loc":{"start":{"line":11,"column":65},"end":{"line":11,"column":81}},"type":"default-arg","locations":[{"start":{"line":11,"column":79},"end":{"line":11,"column":81}}],"line":11}},"s":{"0":2,"1":0},"f":{"0":0},"b":{"0":[0],"1":[0],"2":[0]},"_coverageSchema":"1a1c01bbd47fc00a2c39e90264f33305004495a9","hash":"e5485233106f8a0f4a2226786cc38ae074f47b0a"}
,"/Users/braflow/cross-country/src/components/atoms/table/table-head/index.js": {"path":"/Users/braflow/cross-country/src/components/atoms/table/table-head/index.js","statementMap":{},"fnMap":{},"branchMap":{},"s":{},"f":{},"b":{},"_coverageSchema":"1a1c01bbd47fc00a2c39e90264f33305004495a9","hash":"dcc285f2f94a1f6153e6864e2be165d2c06a5a0a"}
,"/Users/braflow/cross-country/src/components/atoms/table/table-head/table-head.js": {"path":"/Users/braflow/cross-country/src/components/atoms/table/table-head/table-head.js","statementMap":{"0":{"start":{"line":11,"column":18},"end":{"line":15,"column":1}},"1":{"start":{"line":12,"column":2},"end":{"line":14,"column":10}}},"fnMap":{"0":{"name":"(anonymous_0)","decl":{"start":{"line":11,"column":18},"end":{"line":11,"column":19}},"loc":{"start":{"line":12,"column":2},"end":{"line":14,"column":10}},"line":12}},"branchMap":{"0":{"loc":{"start":{"line":11,"column":31},"end":{"line":11,"column":47}},"type":"default-arg","locations":[{"start":{"line":11,"column":45},"end":{"line":11,"column":47}}],"line":11},"1":{"loc":{"start":{"line":11,"column":49},"end":{"line":11,"column":65}},"type":"default-arg","locations":[{"start":{"line":11,"column":63},"end":{"line":11,"column":65}}],"line":11}},"s":{"0":2,"1":0},"f":{"0":0},"b":{"0":[0],"1":[0]},"_coverageSchema":"1a1c01bbd47fc00a2c39e90264f33305004495a9","hash":"b6f569a9cffd50207aef730ed34991e43b3cd63b"}
,"/Users/braflow/cross-country/src/components/atoms/table/table-row/index.js": {"path":"/Users/braflow/cross-country/src/components/atoms/table/table-row/index.js","statementMap":{},"fnMap":{},"branchMap":{},"s":{},"f":{},"b":{},"_coverageSchema":"1a1c01bbd47fc00a2c39e90264f33305004495a9","hash":"e33e9ad43a7d2ca7c5104ec0ca383c65a9b5540b"}
,"/Users/braflow/cross-country/src/components/atoms/table/table-row/table-row.js": {"path":"/Users/braflow/cross-country/src/components/atoms/table/table-row/table-row.js","statementMap":{"0":{"start":{"line":11,"column":17},"end":{"line":15,"column":1}},"1":{"start":{"line":12,"column":2},"end":{"line":14,"column":7}}},"fnMap":{"0":{"name":"(anonymous_0)","decl":{"start":{"line":11,"column":17},"end":{"line":11,"column":18}},"loc":{"start":{"line":12,"column":2},"end":{"line":14,"column":7}},"line":12}},"branchMap":{"0":{"loc":{"start":{"line":11,"column":30},"end":{"line":11,"column":46}},"type":"default-arg","locations":[{"start":{"line":11,"column":44},"end":{"line":11,"column":46}}],"line":11},"1":{"loc":{"start":{"line":11,"column":48},"end":{"line":11,"column":64}},"type":"default-arg","locations":[{"start":{"line":11,"column":62},"end":{"line":11,"column":64}}],"line":11}},"s":{"0":2,"1":0},"f":{"0":0},"b":{"0":[0],"1":[0]},"_coverageSchema":"1a1c01bbd47fc00a2c39e90264f33305004495a9","hash":"e960f458a02aa59455d65cb3a6ba0e73c1166005"}
,"/Users/braflow/cross-country/src/components/atoms/text/bold/bold.js": {"path":"/Users/braflow/cross-country/src/components/atoms/text/bold/bold.js","statementMap":{"0":{"start":{"line":5,"column":13},"end":{"line":9,"column":1}},"1":{"start":{"line":6,"column":2},"end":{"line":8,"column":6}}},"fnMap":{"0":{"name":"(anonymous_0)","decl":{"start":{"line":5,"column":13},"end":{"line":5,"column":14}},"loc":{"start":{"line":6,"column":2},"end":{"line":8,"column":6}},"line":6}},"branchMap":{"0":{"loc":{"start":{"line":5,"column":26},"end":{"line":5,"column":42}},"type":"default-arg","locations":[{"start":{"line":5,"column":40},"end":{"line":5,"column":42}}],"line":5},"1":{"loc":{"start":{"line":5,"column":44},"end":{"line":5,"column":60}},"type":"default-arg","locations":[{"start":{"line":5,"column":58},"end":{"line":5,"column":60}}],"line":5}},"s":{"0":2,"1":0},"f":{"0":0},"b":{"0":[0],"1":[0]},"_coverageSchema":"1a1c01bbd47fc00a2c39e90264f33305004495a9","hash":"9eab0a92a23e79c587e5c55abe15c5648690d6af"}
,"/Users/braflow/cross-country/src/components/atoms/text/bold/index.js": {"path":"/Users/braflow/cross-country/src/components/atoms/text/bold/index.js","statementMap":{},"fnMap":{},"branchMap":{},"s":{},"f":{},"b":{},"_coverageSchema":"1a1c01bbd47fc00a2c39e90264f33305004495a9","hash":"01c7a29e78fd853a68f63ac533d3f6c57e955208"}
,"/Users/braflow/cross-country/src/components/atoms/text/headline/headline.js": {"path":"/Users/braflow/cross-country/src/components/atoms/text/headline/headline.js","statementMap":{"0":{"start":{"line":5,"column":17},"end":{"line":9,"column":1}},"1":{"start":{"line":6,"column":2},"end":{"line":8,"column":7}}},"fnMap":{"0":{"name":"(anonymous_0)","decl":{"start":{"line":5,"column":17},"end":{"line":5,"column":18}},"loc":{"start":{"line":6,"column":2},"end":{"line":8,"column":7}},"line":6}},"branchMap":{"0":{"loc":{"start":{"line":5,"column":20},"end":{"line":5,"column":30}},"type":"default-arg","locations":[{"start":{"line":5,"column":28},"end":{"line":5,"column":30}}],"line":5},"1":{"loc":{"start":{"line":5,"column":48},"end":{"line":5,"column":64}},"type":"default-arg","locations":[{"start":{"line":5,"column":62},"end":{"line":5,"column":64}}],"line":5},"2":{"loc":{"start":{"line":5,"column":66},"end":{"line":5,"column":82}},"type":"default-arg","locations":[{"start":{"line":5,"column":80},"end":{"line":5,"column":82}}],"line":5},"3":{"loc":{"start":{"line":7,"column":5},"end":{"line":7,"column":21}},"type":"binary-expr","locations":[{"start":{"line":7,"column":5},"end":{"line":7,"column":9}},{"start":{"line":7,"column":13},"end":{"line":7,"column":21}}],"line":7}},"s":{"0":2,"1":0},"f":{"0":0},"b":{"0":[0],"1":[0],"2":[0],"3":[0,0]},"_coverageSchema":"1a1c01bbd47fc00a2c39e90264f33305004495a9","hash":"d058d066ab3e5921b90ad469bfbaa1f5cb19d82c"}
,"/Users/braflow/cross-country/src/components/atoms/text/hilight/hilight.js": {"path":"/Users/braflow/cross-country/src/components/atoms/text/hilight/hilight.js","statementMap":{"0":{"start":{"line":5,"column":16},"end":{"line":9,"column":1}},"1":{"start":{"line":6,"column":2},"end":{"line":8,"column":9}}},"fnMap":{"0":{"name":"(anonymous_0)","decl":{"start":{"line":5,"column":16},"end":{"line":5,"column":17}},"loc":{"start":{"line":6,"column":2},"end":{"line":8,"column":9}},"line":6}},"branchMap":{"0":{"loc":{"start":{"line":5,"column":35},"end":{"line":5,"column":51}},"type":"default-arg","locations":[{"start":{"line":5,"column":49},"end":{"line":5,"column":51}}],"line":5},"1":{"loc":{"start":{"line":5,"column":53},"end":{"line":5,"column":69}},"type":"default-arg","locations":[{"start":{"line":5,"column":67},"end":{"line":5,"column":69}}],"line":5},"2":{"loc":{"start":{"line":7,"column":5},"end":{"line":7,"column":21}},"type":"binary-expr","locations":[{"start":{"line":7,"column":5},"end":{"line":7,"column":9}},{"start":{"line":7,"column":13},"end":{"line":7,"column":21}}],"line":7}},"s":{"0":2,"1":0},"f":{"0":0},"b":{"0":[0],"1":[0],"2":[0,0]},"_coverageSchema":"1a1c01bbd47fc00a2c39e90264f33305004495a9","hash":"b885fe207a173413d9b61cc0a04647c6eb64354d"}
,"/Users/braflow/cross-country/src/components/atoms/text/hilight/index.js": {"path":"/Users/braflow/cross-country/src/components/atoms/text/hilight/index.js","statementMap":{},"fnMap":{},"branchMap":{},"s":{},"f":{},"b":{},"_coverageSchema":"1a1c01bbd47fc00a2c39e90264f33305004495a9","hash":"184a33d7a662d19ddd99195281fe5c0575fd420b"}
,"/Users/braflow/cross-country/src/components/atoms/text/input/index.js": {"path":"/Users/braflow/cross-country/src/components/atoms/text/input/index.js","statementMap":{},"fnMap":{},"branchMap":{},"s":{},"f":{},"b":{},"_coverageSchema":"1a1c01bbd47fc00a2c39e90264f33305004495a9","hash":"f6ec108fe12e9a70f4d6bc13784a41650688b741"}
,"/Users/braflow/cross-country/src/components/atoms/text/input/text-input.js": {"path":"/Users/braflow/cross-country/src/components/atoms/text/input/text-input.js","statementMap":{"0":{"start":{"line":6,"column":18},"end":{"line":18,"column":1}},"1":{"start":{"line":7,"column":2},"end":{"line":17,"column":4}},"2":{"start":{"line":20,"column":0},"end":{"line":33,"column":2}},"3":{"start":{"line":35,"column":0},"end":{"line":35,"column":28}}},"fnMap":{"0":{"name":"(anonymous_0)","decl":{"start":{"line":6,"column":18},"end":{"line":6,"column":19}},"loc":{"start":{"line":6,"column":88},"end":{"line":18,"column":1}},"line":6}},"branchMap":{"0":{"loc":{"start":{"line":6,"column":38},"end":{"line":6,"column":54}},"type":"default-arg","locations":[{"start":{"line":6,"column":52},"end":{"line":6,"column":54}}],"line":6},"1":{"loc":{"start":{"line":6,"column":56},"end":{"line":6,"column":72}},"type":"default-arg","locations":[{"start":{"line":6,"column":70},"end":{"line":6,"column":72}}],"line":6}},"s":{"0":2,"1":0,"2":2,"3":2},"f":{"0":0},"b":{"0":[0],"1":[0]},"_coverageSchema":"1a1c01bbd47fc00a2c39e90264f33305004495a9","hash":"de00c5c66e4d26dbfe059033de0dac5e9428de4d"}
,"/Users/braflow/cross-country/src/components/atoms/text/label/index.js": {"path":"/Users/braflow/cross-country/src/components/atoms/text/label/index.js","statementMap":{},"fnMap":{},"branchMap":{},"s":{},"f":{},"b":{},"_coverageSchema":"1a1c01bbd47fc00a2c39e90264f33305004495a9","hash":"3816a1c93534192366de90d08534d044ecb2198c"}
,"/Users/braflow/cross-country/src/components/atoms/text/label/label.js": {"path":"/Users/braflow/cross-country/src/components/atoms/text/label/label.js","statementMap":{"0":{"start":{"line":5,"column":14},"end":{"line":9,"column":1}},"1":{"start":{"line":6,"column":2},"end":{"line":8,"column":10}}},"fnMap":{"0":{"name":"(anonymous_0)","decl":{"start":{"line":5,"column":14},"end":{"line":5,"column":15}},"loc":{"start":{"line":6,"column":2},"end":{"line":8,"column":10}},"line":6}},"branchMap":{"0":{"loc":{"start":{"line":5,"column":34},"end":{"line":5,"column":50}},"type":"default-arg","locations":[{"start":{"line":5,"column":48},"end":{"line":5,"column":50}}],"line":5},"1":{"loc":{"start":{"line":5,"column":52},"end":{"line":5,"column":68}},"type":"default-arg","locations":[{"start":{"line":5,"column":66},"end":{"line":5,"column":68}}],"line":5}},"s":{"0":2,"1":0},"f":{"0":0},"b":{"0":[0],"1":[0]},"_coverageSchema":"1a1c01bbd47fc00a2c39e90264f33305004495a9","hash":"cec10c64eddfeb95e3d61ca64725bfa063e4c1bf"}
,"/Users/braflow/cross-country/src/components/atoms/text/number/number.js": {"path":"/Users/braflow/cross-country/src/components/atoms/text/number/number.js","statementMap":{"0":{"start":{"line":5,"column":15},"end":{"line":11,"column":1}},"1":{"start":{"line":6,"column":2},"end":{"line":10,"column":4}}},"fnMap":{"0":{"name":"(anonymous_0)","decl":{"start":{"line":5,"column":15},"end":{"line":5,"column":16}},"loc":{"start":{"line":5,"column":103},"end":{"line":11,"column":1}},"line":5}},"branchMap":{"0":{"loc":{"start":{"line":5,"column":24},"end":{"line":5,"column":34}},"type":"default-arg","locations":[{"start":{"line":5,"column":32},"end":{"line":5,"column":34}}],"line":5},"1":{"loc":{"start":{"line":5,"column":36},"end":{"line":5,"column":50}},"type":"default-arg","locations":[{"start":{"line":5,"column":43},"end":{"line":5,"column":50}}],"line":5},"2":{"loc":{"start":{"line":5,"column":62},"end":{"line":5,"column":78}},"type":"default-arg","locations":[{"start":{"line":5,"column":76},"end":{"line":5,"column":78}}],"line":5},"3":{"loc":{"start":{"line":5,"column":80},"end":{"line":5,"column":96}},"type":"default-arg","locations":[{"start":{"line":5,"column":94},"end":{"line":5,"column":96}}],"line":5},"4":{"loc":{"start":{"line":8,"column":7},"end":{"line":8,"column":23}},"type":"binary-expr","locations":[{"start":{"line":8,"column":7},"end":{"line":8,"column":11}},{"start":{"line":8,"column":15},"end":{"line":8,"column":23}}],"line":8}},"s":{"0":0,"1":0},"f":{"0":0},"b":{"0":[0],"1":[0],"2":[0],"3":[0],"4":[0,0]}}
,"/Users/braflow/cross-country/src/components/atoms/text/paragraph/index.js": {"path":"/Users/braflow/cross-country/src/components/atoms/text/paragraph/index.js","statementMap":{},"fnMap":{},"branchMap":{},"s":{},"f":{},"b":{}}
,"/Users/braflow/cross-country/src/components/atoms/text/paragraph/paragraph.js": {"path":"/Users/braflow/cross-country/src/components/atoms/text/paragraph/paragraph.js","statementMap":{"0":{"start":{"line":5,"column":18},"end":{"line":9,"column":1}},"1":{"start":{"line":6,"column":2},"end":{"line":8,"column":6}}},"fnMap":{"0":{"name":"(anonymous_0)","decl":{"start":{"line":5,"column":18},"end":{"line":5,"column":19}},"loc":{"start":{"line":6,"column":2},"end":{"line":8,"column":6}},"line":6}},"branchMap":{"0":{"loc":{"start":{"line":5,"column":37},"end":{"line":5,"column":53}},"type":"default-arg","locations":[{"start":{"line":5,"column":51},"end":{"line":5,"column":53}}],"line":5},"1":{"loc":{"start":{"line":5,"column":55},"end":{"line":5,"column":71}},"type":"default-arg","locations":[{"start":{"line":5,"column":69},"end":{"line":5,"column":71}}],"line":5},"2":{"loc":{"start":{"line":7,"column":5},"end":{"line":7,"column":21}},"type":"binary-expr","locations":[{"start":{"line":7,"column":5},"end":{"line":7,"column":9}},{"start":{"line":7,"column":13},"end":{"line":7,"column":21}}],"line":7}},"s":{"0":2,"1":0},"f":{"0":0},"b":{"0":[0],"1":[0],"2":[0,0]},"_coverageSchema":"1a1c01bbd47fc00a2c39e90264f33305004495a9","hash":"e20ac90c7b4c697627b59d43d19c946afb849936"}
,"/Users/braflow/cross-country/src/components/atoms/text/subheadline/subheadline.js": {"path":"/Users/braflow/cross-country/src/components/atoms/text/subheadline/subheadline.js","statementMap":{"0":{"start":{"line":5,"column":20},"end":{"line":13,"column":1}},"1":{"start":{"line":6,"column":14},"end":{"line":6,"column":36}},"2":{"start":{"line":7,"column":20},"end":{"line":7,"column":58}},"3":{"start":{"line":8,"column":2},"end":{"line":12,"column":4}}},"fnMap":{"0":{"name":"(anonymous_0)","decl":{"start":{"line":5,"column":20},"end":{"line":5,"column":21}},"loc":{"start":{"line":5,"column":108},"end":{"line":13,"column":1}},"line":5}},"branchMap":{"0":{"loc":{"start":{"line":5,"column":29},"end":{"line":5,"column":39}},"type":"default-arg","locations":[{"start":{"line":5,"column":37},"end":{"line":5,"column":39}}],"line":5},"1":{"loc":{"start":{"line":5,"column":41},"end":{"line":5,"column":55}},"type":"default-arg","locations":[{"start":{"line":5,"column":48},"end":{"line":5,"column":55}}],"line":5},"2":{"loc":{"start":{"line":5,"column":67},"end":{"line":5,"column":83}},"type":"default-arg","locations":[{"start":{"line":5,"column":81},"end":{"line":5,"column":83}}],"line":5},"3":{"loc":{"start":{"line":5,"column":85},"end":{"line":5,"column":101}},"type":"default-arg","locations":[{"start":{"line":5,"column":99},"end":{"line":5,"column":101}}],"line":5},"4":{"loc":{"start":{"line":10,"column":7},"end":{"line":10,"column":23}},"type":"binary-expr","locations":[{"start":{"line":10,"column":7},"end":{"line":10,"column":11}},{"start":{"line":10,"column":15},"end":{"line":10,"column":23}}],"line":10}},"s":{"0":2,"1":380,"2":380,"3":380},"f":{"0":380},"b":{"0":[380],"1":[380],"2":[380],"3":[0],"4":[380,0]},"_coverageSchema":"1a1c01bbd47fc00a2c39e90264f33305004495a9","hash":"5f6e5ca9ef3b113588038c1ba065cef1a67797ec"}
,"/Users/braflow/cross-country/src/components/atoms/transformer/index.js": {"path":"/Users/braflow/cross-country/src/components/atoms/transformer/index.js","statementMap":{},"fnMap":{},"branchMap":{},"s":{},"f":{},"b":{}}
,"/Users/braflow/cross-country/src/components/atoms/transformer/transformer.js": {"path":"/Users/braflow/cross-country/src/components/atoms/transformer/transformer.js","statementMap":{"0":{"start":{"line":18,"column":20},"end":{"line":22,"column":1}},"1":{"start":{"line":19,"column":2},"end":{"line":21,"column":7}}},"fnMap":{"0":{"name":"(anonymous_0)","decl":{"start":{"line":18,"column":20},"end":{"line":18,"column":21}},"loc":{"start":{"line":18,"column":26},"end":{"line":22,"column":1}},"line":18}},"branchMap":{"0":{"loc":{"start":{"line":20,"column":5},"end":{"line":20,"column":21}},"type":"binary-expr","locations":[{"start":{"line":20,"column":5},"end":{"line":20,"column":9}},{"start":{"line":20,"column":13},"end":{"line":20,"column":21}}],"line":20}},"s":{"0":0,"1":0},"f":{"0":0},"b":{"0":[0,0]}}
,"/Users/braflow/cross-country/src/components/molecules/accordion/accordion.tsx": {"path":"/Users/braflow/cross-country/src/components/molecules/accordion/accordion.tsx","statementMap":{"0":{"start":{"line":1,"column":0},"end":{"line":1,"column":31}},"1":{"start":{"line":4,"column":0},"end":{"line":4,"column":38}},"2":{"start":{"line":6,"column":44},"end":{"line":6,"column":null}},"3":{"start":{"line":6,"column":50},"end":{"line":6,"column":52}},"4":{"start":{"line":6,"column":57},"end":{"line":10,"column":2}},"5":{"start":{"line":12,"column":0},"end":{"line":12,"column":25}}},"fnMap":{"0":{"name":"(anonymous_7)","decl":{"start":{"line":6,"column":44},"end":{"line":6,"column":45}},"loc":{"start":{"line":6,"column":52},"end":{"line":6,"column":null}}}},"branchMap":{},"s":{"0":3,"1":3,"2":3,"3":1,"4":1,"5":3},"f":{"0":1},"b":{}}
,"/Users/braflow/cross-country/src/components/molecules/accordion/index.ts": {"path":"/Users/braflow/cross-country/src/components/molecules/accordion/index.ts","statementMap":{"0":{"start":{"line":1,"column":0},"end":{"line":1,"column":9}},"1":{"start":{"line":1,"column":9},"end":{"line":1,"column":38}}},"fnMap":{"0":{"name":"(anonymous_0)","decl":{"start":{"line":1,"column":9},"end":{"line":1,"column":16}},"loc":{"start":{"line":1,"column":9},"end":{"line":1,"column":38}}}},"branchMap":{},"s":{"0":3,"1":4},"f":{"0":1},"b":{}}
[...]
e":6,"column":34}},"1":{"start":{"line":7,"column":2},"end":{"line":7,"column":33}},"2":{"start":{"line":7,"column":21},"end":{"line":7,"column":33}},"3":{"start":{"line":8,"column":2},"end":{"line":11,"column":3}},"4":{"start":{"line":9,"column":4},"end":{"line":9,"column":58}},"5":{"start":{"line":10,"column":4},"end":{"line":10,"column":17}},"6":{"start":{"line":12,"column":13},"end":{"line":39,"column":4}},"7":{"start":{"line":14,"column":6},"end":{"line":19,"column":7}},"8":{"start":{"line":15,"column":24},"end":{"line":17,"column":10}},"9":{"start":{"line":18,"column":8},"end":{"line":18,"column":65}},"10":{"start":{"line":21,"column":6},"end":{"line":26,"column":7}},"11":{"start":{"line":22,"column":27},"end":{"line":24,"column":10}},"12":{"start":{"line":25,"column":8},"end":{"line":25,"column":65}},"13":{"start":{"line":28,"column":6},"end":{"line":30,"column":7}},"14":{"start":{"line":29,"column":8},"end":{"line":29,"column":75}},"15":{"start":{"line":32,"column":6},"end":{"line":37,"column":7}},"16":{"start":{"line":33,"column":8},"end":{"line":36,"column":11}},"17":{"start":{"line":40,"column":2},"end":{"line":40,"column":12}},"18":{"start":{"line":43,"column":20},"end":{"line":43,"column":32}},"19":{"start":{"line":44,"column":2},"end":{"line":53,"column":7}},"20":{"start":{"line":46,"column":17},"end":{"line":46,"column":51}},"21":{"start":{"line":47,"column":22},"end":{"line":47,"column":43}},"22":{"start":{"line":48,"column":6},"end":{"line":48,"column":24}},"23":{"start":{"line":49,"column":6},"end":{"line":49,"column":25}},"24":{"start":{"line":52,"column":6},"end":{"line":52,"column":52}},"25":{"start":{"line":56,"column":20},"end":{"line":56,"column":32}},"26":{"start":{"line":57,"column":2},"end":{"line":57,"column":34}},"27":{"start":{"line":58,"column":2},"end":{"line":58,"column":37}},"28":{"start":{"line":59,"column":2},"end":{"line":68,"column":7}},"29":{"start":{"line":61,"column":15},"end":{"line":61,"column":48}},"30":{"start":{"line":62,"column":20},"end":{"line":62,"column":41}},"31":{"start":{"line":63,"column":6},"end":{"line":63,"column":36}},"32":{"start":{"line":66,"column":6},"end":{"line":66,"column":41}},"33":{"start":{"line":67,"column":6},"end":{"line":67,"column":23}},"34":{"start":{"line":71,"column":20},"end":{"line":71,"column":32}},"35":{"start":{"line":74,"column":2},"end":{"line":84,"column":7}},"36":{"start":{"line":76,"column":6},"end":{"line":76,"column":44}},"37":{"start":{"line":77,"column":17},"end":{"line":77,"column":50}},"38":{"start":{"line":78,"column":22},"end":{"line":78,"column":43}},"39":{"start":{"line":79,"column":6},"end":{"line":79,"column":30}},"40":{"start":{"line":82,"column":6},"end":{"line":82,"column":43}},"41":{"start":{"line":83,"column":6},"end":{"line":83,"column":19}},"42":{"start":{"line":87,"column":20},"end":{"line":87,"column":32}},"43":{"start":{"line":88,"column":2},"end":{"line":96,"column":7}},"44":{"start":{"line":90,"column":17},"end":{"line":90,"column":50}},"45":{"start":{"line":91,"column":22},"end":{"line":91,"column":43}},"46":{"start":{"line":92,"column":6},"end":{"line":92,"column":31}},"47":{"start":{"line":95,"column":6},"end":{"line":95,"column":48}},"48":{"start":{"line":99,"column":20},"end":{"line":99,"column":32}},"49":{"start":{"line":100,"column":2},"end":{"line":109,"column":7}},"50":{"start":{"line":102,"column":17},"end":{"line":102,"column":51}},"51":{"start":{"line":103,"column":22},"end":{"line":103,"column":43}},"52":{"start":{"line":104,"column":6},"end":{"line":104,"column":26}},"53":{"start":{"line":105,"column":6},"end":{"line":105,"column":25}},"54":{"start":{"line":108,"column":6},"end":{"line":108,"column":34}},"55":{"start":{"line":112,"column":2},"end":{"line":114,"column":3}},"56":{"start":{"line":113,"column":4},"end":{"line":113,"column":11}},"57":{"start":{"line":116,"column":2},"end":{"line":122,"column":3}},"58":{"start":{"line":117,"column":4},"end":{"line":117,"column":44}},"59":{"start":{"line":118,"column":9},"end":{"line":122,"column":3}},"60":{"start":{"line":119,"column":4},"end":{"line":119,"column":42}},"61":{"start":{"line":121,"column":4},"end":{"line":121,"column":42}},"62":{"start":{"line":123,"column":20},"end":{"line":123,"column":32}},"63":{"start":{"line":124,"column":2},"end":{"line":143,"column":7}},"64":{"start":{"line":126,"column":15},"end":{"line":126,"column":52}},"65":{"start":{"line":127,"column":20},"end":{"line":127,"column":43}},"66":{"start":{"line":128,"column":18},"end":{"line":128,"column":40}},"67":{"start":{"line":129,"column":6},"end":{"line":129,"column":37}},"68":{"start":{"line":132,"column":6},"end":{"line":134,"column":7}},"69":{"start":{"line":133,"column":8},"end":{"line":133,"column":15}},"70":{"start":{"line":135,"column":6},"end":{"line":135,"column":46}},"71":{"start":{"line":136,"column":6},"end":{"line":138,"column":7}},"72":{"start":{"line":137,"column":8},"end":{"line":137,"column":41}},"73":{"start":{"line":139,"column":6},"end":{"line":139,"column":47}},"74":{"start":{"line":142,"column":6},"end":{"line":142,"column":36}}},"fnMap":{"0":{"name":"getIndexDB","decl":{"start":{"line":5,"column":15},"end":{"line":5,"column":25}},"loc":{"start":{"line":5,"column":28},"end":{"line":41,"column":1}},"line":5},"1":{"name":"(anonymous_1)","decl":{"start":{"line":13,"column":4},"end":{"line":13,"column":5}},"loc":{"start":{"line":13,"column":60},"end":{"line":38,"column":5}},"line":13},"2":{"name":"addItemToStore","decl":{"start":{"line":42,"column":22},"end":{"line":42,"column":36}},"loc":{"start":{"line":42,"column":50},"end":{"line":54,"column":1}},"line":42},"3":{"name":"(anonymous_3)","decl":{"start":{"line":45,"column":10},"end":{"line":45,"column":11}},"loc":{"start":{"line":45,"column":24},"end":{"line":50,"column":5}},"line":45},"4":{"name":"(anonymous_4)","decl":{"start":{"line":51,"column":10},"end":{"line":51,"column":11}},"loc":{"start":{"line":51,"column":22},"end":{"line":53,"column":5}},"line":51},"5":{"name":"getItemFromStore","decl":{"start":{"line":55,"column":22},"end":{"line":55,"column":38}},"loc":{"start":{"line":55,"column":57},"end":{"line":69,"column":1}},"line":55},"6":{"name":"(anonymous_6)","decl":{"start":{"line":60,"column":10},"end":{"line":60,"column":11}},"loc":{"start":{"line":60,"column":24},"end":{"line":64,"column":5}},"line":60},"7":{"name":"(anonymous_7)","decl":{"start":{"line":65,"column":10},"end":{"line":65,"column":11}},"loc":{"start":{"line":65,"column":25},"end":{"line":68,"column":5}},"line":65},"8":{"name":"getAllItemsFromStore","decl":{"start":{"line":70,"column":22},"end":{"line":70,"column":42}},"loc":{"start":{"line":70,"column":50},"end":{"line":85,"column":1}},"line":70},"9":{"name":"(anonymous_9)","decl":{"start":{"line":75,"column":10},"end":{"line":75,"column":11}},"loc":{"start":{"line":75,"column":24},"end":{"line":80,"column":5}},"line":75},"10":{"name":"(anonymous_10)","decl":{"start":{"line":81,"column":10},"end":{"line":81,"column":11}},"loc":{"start":{"line":81,"column":27},"end":{"line":84,"column":5}},"line":81},"11":{"name":"updateItemInStore","decl":{"start":{"line":86,"column":22},"end":{"line":86,"column":39}},"loc":{"start":{"line":86,"column":53},"end":{"line":97,"column":1}},"line":86},"12":{"name":"(anonymous_12)","decl":{"start":{"line":89,"column":10},"end":{"line":89,"column":11}},"loc":{"start":{"line":89,"column":24},"end":{"line":93,"column":5}},"line":89},"13":{"name":"(anonymous_13)","decl":{"start":{"line":94,"column":10},"end":{"line":94,"column":11}},"loc":{"start":{"line":94,"column":25},"end":{"line":96,"column":5}},"line":94},"14":{"name":"deleteItemFromStore","decl":{"start":{"line":98,"column":22},"end":{"line":98,"column":41}},"loc":{"start":{"line":98,"column":54},"end":{"line":110,"column":1}},"line":98},"15":{"name":"(anonymous_15)","decl":{"start":{"line":101,"column":10},"end":{"line":101,"column":11}},"loc":{"start":{"line":101,"column":24},"end":{"line":106,"column":5}},"line":101},"16":{"name":"(anonymous_16)","decl":{"start":{"line":107,"column":10},"end":{"line":107,"column":11}},"loc":{"start":{"line":107,"column":22},"end":{"line":109,"column":5}},"line":107},"17":{"name":"searchItems","decl":{"start":{"line":111,"column":22},"end":{"line":111,"column":33}},"loc":{"start":{"line":111,"column":48},"end":{"line":144,"column":1}},"line":111},"18":{"name":"(anonymous_18)","decl":{"start":{"line":125,"column":10},"end":{"line":125,"column":11}},"loc":{"start":{"line":125,"column":24},"end":{"line":130,"column":5}},"line":125},"19":{"name":"showRange","decl":{"start":{"line":131,"column":19},"end":{"line":131,"column":28}},"loc":{"start":{"line":131,"column":37},"end":{"line":140,"column":5}},"line":131},"20":{"name":"(anonymous_20)","decl":{"start":{"line":141,"column":10},"end":{"line":141,"column":11}},"loc":{"start":{"line":141,"column":22},"end":{"line":143,"column":5}},"line":141}},"branchMap":{"0":{"loc":{"start":{"line":7,"column":2},"end":{"line":7,"column":33}},"type":"if","locations":[{"start":{"line":7,"column":2},"end":{"line":7,"column":33}},{"start":{"line":7,"column":2},"end":{"line":7,"column":33}}],"line":7},"1":{"loc":{"start":{"line":8,"column":2},"end":{"line":11,"column":3}},"type":"if","locations":[{"start":{"line":8,"column":2},"end":{"line":11,"column":3}},{"start":{"line":8,"column":2},"end":{"line":11,"column":3}}],"line":8},"2":{"loc":{"start":{"line":14,"column":6},"end":{"line":19,"column":7}},"type":"if","locations":[{"start":{"line":14,"column":6},"end":{"line":19,"column":7}},{"start":{"line":14,"column":6},"end":{"line":19,"column":7}}],"line":14},"3":{"loc":{"start":{"line":21,"column":6},"end":{"line":26,"column":7}},"type":"if","locations":[{"start":{"line":21,"column":6},"end":{"line":26,"column":7}},{"start":{"line":21,"column":6},"end":{"line":26,"column":7}}],"line":21},"4":{"loc":{"start":{"line":28,"column":6},"end":{"line":30,"column":7}},"type":"if","locations":[{"start":{"line":28,"column":6},"end":{"line":30,"column":7}},{"start":{"line":28,"column":6},"end":{"line":30,"column":7}}],"line":28},"5":{"loc":{"start":{"line":32,"column":6},"end":{"line":37,"column":7}},"type":"if","locations":[{"start":{"line":32,"column":6},"end":{"line":37,"column":7}},{"start":{"line":32,"column":6},"end":{"line":37,"column":7}}],"line":32},"6":{"loc":{"start":{"line":112,"column":2},"end":{"line":114,"column":3}},"type":"if","locations":[{"start":{"line":112,"column":2},"end":{"line":114,"column":3}},{"start":{"line":112,"column":2},"end":{"line":114,"column":3}}],"line":112},"7":{"loc":{"start":{"line":112,"column":6},"end":{"line":112,"column":34}},"type":"binary-expr","locations":[{"start":{"line":112,"column":6},"end":{"line":112,"column":18}},{"start":{"line":112,"column":22},"end":{"line":112,"column":34}}],"line":112},"8":{"loc":{"start":{"line":116,"column":2},"end":{"line":122,"column":3}},"type":"if","locations":[{"start":{"line":116,"column":2},"end":{"line":122,"column":3}},{"start":{"line":116,"column":2},"end":{"line":122,"column":3}}],"line":116},"9":{"loc":{"start":{"line":116,"column":6},"end":{"line":116,"column":34}},"type":"binary-expr","locations":[{"start":{"line":116,"column":6},"end":{"line":116,"column":18}},{"start":{"line":116,"column":22},"end":{"line":116,"column":34}}],"line":116},"10":{"loc":{"start":{"line":118,"column":9},"end":{"line":122,"column":3}},"type":"if","locations":[{"start":{"line":118,"column":9},"end":{"line":122,"column":3}},{"start":{"line":118,"column":9},"end":{"line":122,"column":3}}],"line":118},"11":{"loc":{"start":{"line":132,"column":6},"end":{"line":134,"column":7}},"type":"if","locations":[{"start":{"line":132,"column":6},"end":{"line":134,"column":7}},{"start":{"line":132,"column":6},"end":{"line":134,"column":7}}],"line":132}},"s":{"0":0,"1":0,"2":0,"3":0,"4":0,"5":0,"6":0,"7":0,"8":0,"9":0,"10":0,"11":0,"12":0,"13":0,"14":0,"15":0,"16":0,"17":0,"18":0,"19":0,"20":0,"21":0,"22":0,"23":0,"24":0,"25":0,"26":0,"27":0,"28":0,"29":0,"30":0,"31":0,"32":0,"33":0,"34":0,"35":0,"36":0,"37":0,"38":0,"39":0,"40":0,"41":0,"42":0,"43":0,"44":0,"45":0,"46":0,"47":0,"48":0,"49":0,"50":0,"51":0,"52":0,"53":0,"54":0,"55":0,"56":0,"57":0,"58":0,"59":0,"60":0,"61":0,"62":0,"63":0,"64":0,"65":0,"66":0,"67":0,"68":0,"69":0,"70":0,"71":0,"72":0,"73":0,"74":0},"f":{"0":0,"1":0,"2":0,"3":0,"4":0,"5":0,"6":0,"7":0,"8":0,"9":0,"10":0,"11":0,"12":0,"13":0,"14":0,"15":0,"16":0,"17":0,"18":0,"19":0,"20":0},"b":{"0":[0,0],"1":[0,0],"2":[0,0],"3":[0,0],"4":[0,0],"5":[0,0],"6":[0,0],"7":[0,0],"8":[0,0],"9":[0,0],"10":[0,0],"11":[0,0]},"_coverageSchema":"1a1c01bbd47fc00a2c39e90264f33305004495a9","hash":"800c396bf6092aef6a5f1c64e1471187e2174d04"}
,"/Users/braflow/cross-country/src/utils/golds/log-util.js": {"path":"/Users/braflow/cross-country/src/utils/golds/log-util.js","statementMap":{"0":{"start":{"line":2,"column":4},"end":{"line":2,"column":16}}},"fnMap":{"0":{"name":"log","decl":{"start":{"line":1,"column":16},"end":{"line":1,"column":19}},"loc":{"start":{"line":1,"column":21},"end":{"line":3,"column":1}},"line":1}},"branchMap":{},"s":{"0":0},"f":{"0":0},"b":{},"_coverageSchema":"1a1c01bbd47fc00a2c39e90264f33305004495a9","hash":"2da821f2d7b679a5926971ec898731455eb11bac"}
,"/Users/braflow/cross-country/src/utils/golds/measure-util.js": {"path":"/Users/braflow/cross-country/src/utils/golds/measure-util.js","statementMap":{"0":{"start":{"line":9,"column":23},"end":{"line":16,"column":3}},"1":{"start":{"line":19,"column":4},"end":{"line":21,"column":49}},"2":{"start":{"line":22,"column":19},"end":{"line":22,"column":32}},"3":{"start":{"line":23,"column":14},"end":{"line":23,"column":36}},"4":{"start":{"line":25,"column":17},"end":{"line":36,"column":3}},"5":{"start":{"line":38,"column":2},"end":{"line":45,"column":3}},"6":{"start":{"line":40,"column":6},"end":{"line":40,"column":45}},"7":{"start":{"line":43,"column":6},"end":{"line":43,"column":39}}},"fnMap":{"0":{"name":"measure","decl":{"start":{"line":1,"column":24},"end":{"line":1,"column":31}},"loc":{"start":{"line":8,"column":3},"end":{"line":46,"column":1}},"line":8},"1":{"name":"(anonymous_1)","decl":{"start":{"line":39,"column":4},"end":{"line":39,"column":5}},"loc":{"start":{"line":39,"column":15},"end":{"line":41,"column":5}},"line":39},"2":{"name":"(anonymous_2)","decl":{"start":{"line":42,"column":4},"end":{"line":42,"column":5}},"loc":{"start":{"line":42,"column":12},"end":{"line":44,"column":5}},"line":42}},"branchMap":{"0":{"loc":{"start":{"line":19,"column":4},"end":{"line":21,"column":49}},"type":"cond-expr","locations":[{"start":{"line":20,"column":8},"end":{"line":20,"column":31}},{"start":{"line":21,"column":8},"end":{"line":21,"column":49}}],"line":19}},"s":{"0":0,"1":0,"2":0,"3":0,"4":0,"5":0,"6":0,"7":0},"f":{"0":0,"1":0,"2":0},"b":{"0":[0,0]}}
,"/Users/braflow/cross-country/src/utils/golds/offline-util.js": {"path":"/Users/braflow/cross-country/src/utils/golds/offline-util.js","statementMap":{"0":{"start":{"line":3,"column":2},"end":{"line":3,"column":25}},"1":{"start":{"line":5,"column":26},"end":{"line":14,"column":1}},"2":{"start":{"line":6,"column":18},"end":{"line":6,"column":41}},"3":{"start":{"line":7,"column":2},"end":{"line":13,"column":4}},"4":{"start":{"line":10,"column":4},"end":{"line":12,"column":6}},"5":{"start":{"line":11,"column":6},"end":{"line":11,"column":53}},"6":{"start":{"line":11,"column":39},"end":{"line":11,"column":52}},"7":{"start":{"line":15,"column":26},"end":{"line":31,"column":1}},"8":{"start":{"line":16,"column":18},"end":{"line":16,"column":41}},"9":{"start":{"line":17,"column":18},"end":{"line":21,"column":3}},"10":{"start":{"line":23,"column":19},"end":{"line":23,"column":69}},"11":{"start":{"line":24,"column":19},"end":{"line":24,"column":50}},"12":{"start":{"line":26,"column":2},"end":{"line":30,"column":4}},"13":{"start":{"line":28,"column":4},"end":{"line":28,"column":39}},"14":{"start":{"line":32,"column":16},"end":{"line":35,"column":1}}},"fnMap":{"0":{"name":"detechOnline","decl":{"start":{"line":2,"column":16},"end":{"line":2,"column":28}},"loc":{"start":{"line":2,"column":31},"end":{"line":4,"column":1}},"line":2},"1":{"name":"(anonymous_1)","decl":{"start":{"line":5,"column":26},"end":{"line":5,"column":27}},"loc":{"start":{"line":5,"column":46},"end":{"line":14,"column":1}},"line":5},"2":{"name":"(anonymous_2)","decl":{"start":{"line":7,"column":41},"end":{"line":7,"column":42}},"loc":{"start":{"line":7,"column":50},"end":{"line":13,"column":3}},"line":7},"3":{"name":"(anonymous_3)","decl":{"start":{"line":10,"column":37},"end":{"line":10,"column":38}},"loc":{"start":{"line":10,"column":49},"end":{"line":12,"column":5}},"line":10},"4":{"name":"(anonymous_4)","decl":{"start":{"line":11,"column":34},"end":{"line":11,"column":35}},"loc":{"start":{"line":11,"column":39},"end":{"line":11,"column":52}},"line":11},"5":{"name":"(anonymous_5)","decl":{"start":{"line":15,"column":26},"end":{"line":15,"column":27}},"loc":{"start":{"line":15,"column":62},"end":{"line":31,"column":1}},"line":15},"6":{"name":"(anonymous_6)","decl":{"start":{"line":26,"column":41},"end":{"line":26,"column":42}},"loc":{"start":{"line":26,"column":50},"end":{"line":30,"column":3}},"line":26}},"branchMap":{"0":{"loc":{"start":{"line":23,"column":34},"end":{"line":23,"column":68}},"type":"binary-expr","locations":[{"start":{"line":23,"column":34},"end":{"line":23,"column":62}},{"start":{"line":23,"column":66},"end":{"line":23,"column":68}}],"line":23}},"s":{"0":0,"1":0,"2":0,"3":0,"4":0,"5":0,"6":0,"7":0,"8":0,"9":0,"10":0,"11":0,"12":0,"13":0,"14":0},"f":{"0":0,"1":0,"2":0,"3":0,"4":0,"5":0,"6":0},"b":{"0":[0,0]}}
,"/Users/braflow/cross-country/src/utils/golds/share-util.js": {"path":"/Users/braflow/cross-country/src/utils/golds/share-util.js","statementMap":{"0":{"start":{"line":4,"column":18},"end":{"line":4,"column":20}},"1":{"start":{"line":5,"column":18},"end":{"line":5,"column":30}},"2":{"start":{"line":6,"column":13},"end":{"line":6,"column":24}},"3":{"start":{"line":7,"column":14},"end":{"line":7,"column":39}},"4":{"start":{"line":8,"column":2},"end":{"line":8,"column":14}},"5":{"start":{"line":10,"column":4},"end":{"line":10,"column":105}},"6":{"start":{"line":11,"column":23},"end":{"line":11,"column":34}},"7":{"start":{"line":12,"column":2},"end":{"line":12,"column":53}},"8":{"start":{"line":15,"column":19},"end":{"line":15,"column":31}},"9":{"start":{"line":16,"column":20},"end":{"line":16,"column":88}},"10":{"start":{"line":20,"column":16},"end":{"line":20,"column":85}},"11":{"start":{"line":23,"column":26},"end":{"line":23,"column":74}},"12":{"start":{"line":24,"column":23},"end":{"line":24,"column":34}},"13":{"start":{"line":25,"column":2},"end":{"line":25,"column":33}},"14":{"start":{"line":25,"column":21},"end":{"line":25,"column":33}},"15":{"start":{"line":26,"column":2},"end":{"line":34,"column":4}}},"fnMap":{"0":{"name":"email","decl":{"start":{"line":3,"column":16},"end":{"line":3,"column":21}},"loc":{"start":{"line":3,"column":37},"end":{"line":13,"column":1}},"line":3},"1":{"name":"tweet","decl":{"start":{"line":14,"column":16},"end":{"line":14,"column":21}},"loc":{"start":{"line":14,"column":30},"end":{"line":35,"column":1}},"line":14}},"branchMap":{"0":{"loc":{"start":{"line":16,"column":20},"end":{"line":16,"column":88}},"type":"cond-expr","locations":[{"start":{"line":16,"column":43},"end":{"line":16,"column":77}},{"start":{"line":16,"column":80},"end":{"line":16,"column":88}}],"line":16},"1":{"loc":{"start":{"line":25,"column":2},"end":{"line":25,"column":33}},"type":"if","locations":[{"start":{"line":25,"column":2},"end":{"line":25,"column":33}},{"start":{"line":25,"column":2},"end":{"line":25,"column":33}}],"line":25}},"s":{"0":0,"1":0,"2":0,"3":0,"4":0,"5":0,"6":0,"7":0,"8":0,"9":0,"10":0,"11":0,"12":0,"13":0,"14":0,"15":0},"f":{"0":0,"1":0},"b":{"0":[0,0],"1":[0,0]},"_coverageSchema":"1a1c01bbd47fc00a2c39e90264f33305004495a9","hash":"2608cf73ad5db7f3f534e8b93bfd4ad488a206ff"}
}
