{"/Users/braflow/cross-country/src/components/atoms/button/button.js": {"path":"/Users/braflow/cross-country/src/components/atoms/button/button.js","statementMap":{"0":{"start":{"line":3,"column":15},"end":{"line":12,"column":1}},"1":{"start":{"line":4,"column":2},"end":{"line":11,"column":11}},"2":{"start":{"line":6,"column":22},"end":{"line":6,"column":46}},"3":{"start":{"line":7,"column":24},"end":{"line":7,"column":48}}},"fnMap":{"0":{"name":"(anonymous_0)","decl":{"start":{"line":3,"column":15},"end":{"line":3,"column":16}},"loc":{"start":{"line":4,"column":2},"end":{"line":11,"column":11}},"line":4},"1":{"name":"(anonymous_1)","decl":{"start":{"line":6,"column":13},"end":{"line":6,"column":14}},"loc":{"start":{"line":6,"column":22},"end":{"line":6,"column":46}},"line":6},"2":{"name":"(anonymous_2)","decl":{"start":{"line":7,"column":15},"end":{"line":7,"column":16}},"loc":{"start":{"line":7,"column":24},"end":{"line":7,"column":48}},"line":7}},"branchMap":{"0":{"loc":{"start":{"line":3,"column":18},"end":{"line":3,"column":27}},"type":"default-arg","locations":[{"start":{"line":3,"column":25},"end":{"line":3,"column":27}}],"line":3},"1":{"loc":{"start":{"line":3,"column":42},"end":{"line":3,"column":58}},"type":"default-arg","locations":[{"start":{"line":3,"column":56},"end":{"line":3,"column":58}}],"line":3},"2":{"loc":{"start":{"line":3,"column":60},"end":{"line":3,"column":76}},"type":"default-arg","locations":[{"start":{"line":3,"column":74},"end":{"line":3,"column":76}}],"line":3},"3":{"loc":{"start":{"line":3,"column":78},"end":{"line":3,"column":93}},"type":"default-arg","locations":[{"start":{"line":3,"column":89},"end":{"line":3,"column":93}}],"line":3},"4":{"loc":{"start":{"line":10,"column":5},"end":{"line":10,"column":21}},"type":"binary-expr","locations":[{"start":{"line":10,"column":5},"end":{"line":10,"column":9}},{"start":{"line":10,"column":13},"end":{"line":10,"column":21}}],"line":10}},"s":{"0":1,"1":3,"2":1,"3":1},"f":{"0":3,"1":1,"2":1},"b":{"0":[0],"1":[3],"2":[3],"3":[3],"4":[3,0]},"_coverageSchema":"1a1c01bbd47fc00a2c39e90264f33305004495a9","hash":"4b2c69ea183b53cfe4633f95968fd024897daef2"}
}
